<?xml version="1.0" encoding="UTF-8"?>
<!-- Generated by org.testng.reporters.JUnitReportReporter -->
<testsuite hostname="LAPTOP-FUQ7CI23" failures="0" tests="1" name="com.Shanon.login.ValidLogin" time="0.660" errors="0" timestamp="2022-06-13T16:03:32 IST" skipped="0">
  <testcase classname="com.Shanon.login.ValidLogin" name="loginToApp" time="0.660"/>
  <system-out>
    <![CDATA[CRM HOME PAGE is Displayed]]>
  </system-out>
</testsuite> <!-- com.Shanon.login.ValidLogin -->
