<?xml version="1.0" encoding="UTF-8"?>
<!-- Generated by org.testng.reporters.JUnitReportReporter -->
<testsuite hostname="Akki" failures="0" tests="1" name="com.Shanon.Leads.VerifyLeadCreation" time="3.255" errors="0" timestamp="2022-05-23T12:30:48 IST" skipped="0">
  <testcase classname="com.Shanon.Leads.VerifyLeadCreation" name="createNewLeadTest" time="3.255"/>
  <system-out>
    <![CDATA[createNewLeadTest method started
CRM HOME PAGE is Displayed
LEADS TEXT is Displayed, PASS
CREATE LEAD PAGE is Displayed
createNewLeadTest method PASSED]]>
  </system-out>
</testsuite> <!-- com.Shanon.Leads.VerifyLeadCreation -->
