<?xml version="1.0" encoding="UTF-8"?>
<!-- Generated by org.testng.reporters.JUnitReportReporter -->
<testsuite hostname="LAPTOP-FUQ7CI23" failures="0" tests="1" name="com.Shanon.login.ValidLogin" time="0.550" errors="0" timestamp="2022-06-15T01:12:01 IST" skipped="0">
  <testcase classname="com.Shanon.login.ValidLogin" name="loginToApp" time="0.550"/>
  <system-out>
    <![CDATA[loginToApp method started
CRM HOME PAGE is Displayed
loginToApp method PASSED]]>
  </system-out>
</testsuite> <!-- com.Shanon.login.ValidLogin -->
