<?xml version="1.0" encoding="UTF-8"?>
<!-- Generated by org.testng.reporters.JUnitReportReporter -->
<testsuite hostname="LAPTOP-FUQ7CI23" failures="0" tests="1" name="com.Shanon.Leads.VerifyLeadCreation" time="0.609" errors="1" timestamp="2022-06-15T01:12:01 IST" skipped="0">
  <testcase classname="com.Shanon.Leads.VerifyLeadCreation" name="createNewLeadTest" time="0.609">
    <error type="java.lang.StackOverflowError">
      <![CDATA[java.lang.StackOverflowError
at com.Shanon.pages.HomePage.LeadsTab(HomePage.java:29)
at com.Shanon.pages.HomePage.LeadsTab(HomePage.java:29)
at com.Shanon.pages.HomePage.LeadsTab(HomePage.java:29)
at com.Shanon.pages.HomePage.LeadsTab(HomePage.java:29)
at com.Shanon.pages.HomePage.LeadsTab(HomePage.java:29)
at com.Shanon.pages.HomePage.LeadsTab(HomePage.java:29)
at com.Shanon.pages.HomePage.LeadsTab(HomePage.java:29)
at com.Shanon.pages.HomePage.LeadsTab(HomePage.java:29)
at com.Shanon.pages.HomePage.LeadsTab(HomePage.java:29)
at com.Shanon.pages.HomePage.LeadsTab(HomePage.java:29)
at com.Shanon.pages.HomePage.LeadsTab(HomePage.java:29)
at com.Shanon.pages.HomePage.LeadsTab(HomePage.java:29)
at com.Shanon.pages.HomePage.LeadsTab(HomePage.java:29)
at com.Shanon.pages.HomePage.LeadsTab(HomePage.java:29)
at com.Shanon.pages.HomePage.LeadsTab(HomePage.java:29)
at com.Shanon.pages.HomePage.LeadsTab(HomePage.java:29)
at com.Shanon.pages.HomePage.LeadsTab(HomePage.java:29)
at com.Shanon.pages.HomePage.LeadsTab(HomePage.java:29)
at com.Shanon.pages.HomePage.LeadsTab(HomePage.java:29)
at com.Shanon.pages.HomePage.LeadsTab(HomePage.java:29)
at com.Shanon.pages.HomePage.LeadsTab(HomePage.java:29)
at com.Shanon.pages.HomePage.LeadsTab(HomePage.java:29)
at com.Shanon.pages.HomePage.LeadsTab(HomePage.java:29)
at com.Shanon.pages.HomePage.LeadsTab(HomePage.java:29)
at com.Shanon.pages.HomePage.LeadsTab(HomePage.java:29)
at com.Shanon.pages.HomePage.LeadsTab(HomePage.java:29)
at com.Shanon.pages.HomePage.LeadsTab(HomePage.java:29)
at com.Shanon.pages.HomePage.LeadsTab(HomePage.java:29)
at com.Shanon.pages.HomePage.LeadsTab(HomePage.java:29)
at com.Shanon.pages.HomePage.LeadsTab(HomePage.java:29)
at com.Shanon.pages.HomePage.LeadsTab(HomePage.java:29)
at com.Shanon.pages.HomePage.LeadsTab(HomePage.java:29)
at com.Shanon.pages.HomePage.LeadsTab(HomePage.java:29)
at com.Shanon.pages.HomePage.LeadsTab(HomePage.java:29)
at com.Shanon.pages.HomePage.LeadsTab(HomePage.java:29)
at com.Shanon.pages.HomePage.LeadsTab(HomePage.java:29)
at com.Shanon.pages.HomePage.LeadsTab(HomePage.java:29)
at com.Shanon.pages.HomePage.LeadsTab(HomePage.java:29)
at com.Shanon.pages.HomePage.LeadsTab(HomePage.java:29)
at com.Shanon.pages.HomePage.LeadsTab(HomePage.java:29)
at com.Shanon.pages.HomePage.LeadsTab(HomePage.java:29)
at com.Shanon.pages.HomePage.LeadsTab(HomePage.java:29)
at com.Shanon.pages.HomePage.LeadsTab(HomePage.java:29)
at com.Shanon.pages.HomePage.LeadsTab(HomePage.java:29)
at com.Shanon.pages.HomePage.LeadsTab(HomePage.java:29)
at com.Shanon.pages.HomePage.LeadsTab(HomePage.java:29)
at com.Shanon.pages.HomePage.LeadsTab(HomePage.java:29)
at com.Shanon.pages.HomePage.LeadsTab(HomePage.java:29)
at com.Shanon.pages.HomePage.LeadsTab(HomePage.java:29)
at com.Shanon.pages.HomePage.LeadsTab(HomePage.java:29)
at com.Shanon.pages.HomePage.LeadsTab(HomePage.java:29)
at com.Shanon.pages.HomePage.LeadsTab(HomePage.java:29)
at com.Shanon.pages.HomePage.LeadsTab(HomePage.java:29)
at com.Shanon.pages.HomePage.LeadsTab(HomePage.java:29)
at com.Shanon.pages.HomePage.LeadsTab(HomePage.java:29)
at com.Shanon.pages.HomePage.LeadsTab(HomePage.java:29)
at com.Shanon.pages.HomePage.LeadsTab(HomePage.java:29)
at com.Shanon.pages.HomePage.LeadsTab(HomePage.java:29)
at com.Shanon.pages.HomePage.LeadsTab(HomePage.java:29)
at com.Shanon.pages.HomePage.LeadsTab(HomePage.java:29)
at com.Shanon.pages.HomePage.LeadsTab(HomePage.java:29)
at com.Shanon.pages.HomePage.LeadsTab(HomePage.java:29)
at com.Shanon.pages.HomePage.LeadsTab(HomePage.java:29)
at com.Shanon.pages.HomePage.LeadsTab(HomePage.java:29)
at com.Shanon.pages.HomePage.LeadsTab(HomePage.java:29)
at com.Shanon.pages.HomePage.LeadsTab(HomePage.java:29)
at com.Shanon.pages.HomePage.LeadsTab(HomePage.java:29)
at com.Shanon.pages.HomePage.LeadsTab(HomePage.java:29)
at com.Shanon.pages.HomePage.LeadsTab(HomePage.java:29)
at com.Shanon.pages.HomePage.LeadsTab(HomePage.java:29)
at com.Shanon.pages.HomePage.LeadsTab(HomePage.java:29)
at com.Shanon.pages.HomePage.LeadsTab(HomePage.java:29)
at com.Shanon.pages.HomePage.LeadsTab(HomePage.java:29)
at com.Shanon.pages.HomePage.LeadsTab(HomePage.java:29)
at com.Shanon.pages.HomePage.LeadsTab(HomePage.java:29)
at com.Shanon.pages.HomePage.LeadsTab(HomePage.java:29)
at com.Shanon.pages.HomePage.LeadsTab(HomePage.java:29)
at com.Shanon.pages.HomePage.LeadsTab(HomePage.java:29)
at com.Shanon.pages.HomePage.LeadsTab(HomePage.java:29)
at com.Shanon.pages.HomePage.LeadsTab(HomePage.java:29)
at com.Shanon.pages.HomePage.LeadsTab(HomePage.java:29)
at com.Shanon.pages.HomePage.LeadsTab(HomePage.java:29)
at com.Shanon.pages.HomePage.LeadsTab(HomePage.java:29)
at com.Shanon.pages.HomePage.LeadsTab(HomePage.java:29)
at com.Shanon.pages.HomePage.LeadsTab(HomePage.java:29)
at com.Shanon.pages.HomePage.LeadsTab(HomePage.java:29)
at com.Shanon.pages.HomePage.LeadsTab(HomePage.java:29)
at com.Shanon.pages.HomePage.LeadsTab(HomePage.java:29)
at com.Shanon.pages.HomePage.LeadsTab(HomePage.java:29)
at com.Shanon.pages.HomePage.LeadsTab(HomePage.java:29)
at com.Shanon.pages.HomePage.LeadsTab(HomePage.java:29)
at com.Shanon.pages.HomePage.LeadsTab(HomePage.java:29)
at com.Shanon.pages.HomePage.LeadsTab(HomePage.java:29)
at com.Shanon.pages.HomePage.LeadsTab(HomePage.java:29)
at com.Shanon.pages.HomePage.LeadsTab(HomePage.java:29)
at com.Shanon.pages.HomePage.LeadsTab(HomePage.java:29)
at com.Shanon.pages.HomePage.LeadsTab(HomePage.java:29)
at com.Shanon.pages.HomePage.LeadsTab(HomePage.java:29)
at com.Shanon.pages.HomePage.LeadsTab(HomePage.java:29)
at com.Shanon.pages.HomePage.LeadsTab(HomePage.java:29)
at com.Shanon.pages.HomePage.LeadsTab(HomePage.java:29)
at com.Shanon.pages.HomePage.LeadsTab(HomePage.java:29)
at com.Shanon.pages.HomePage.LeadsTab(HomePage.java:29)
at com.Shanon.pages.HomePage.LeadsTab(HomePage.java:29)
at com.Shanon.pages.HomePage.LeadsTab(HomePage.java:29)
at com.Shanon.pages.HomePage.LeadsTab(HomePage.java:29)
at com.Shanon.pages.HomePage.LeadsTab(HomePage.java:29)
at com.Shanon.pages.HomePage.LeadsTab(HomePage.java:29)
at com.Shanon.pages.HomePage.LeadsTab(HomePage.java:29)
at com.Shanon.pages.HomePage.LeadsTab(HomePage.java:29)
at com.Shanon.pages.HomePage.LeadsTab(HomePage.java:29)
at com.Shanon.pages.HomePage.LeadsTab(HomePage.java:29)
at com.Shanon.pages.HomePage.LeadsTab(HomePage.java:29)
at com.Shanon.pages.HomePage.LeadsTab(HomePage.java:29)
at com.Shanon.pages.HomePage.LeadsTab(HomePage.java:29)
at com.Shanon.pages.HomePage.LeadsTab(HomePage.java:29)
at com.Shanon.pages.HomePage.LeadsTab(HomePage.java:29)
at com.Shanon.pages.HomePage.LeadsTab(HomePage.java:29)
at com.Shanon.pages.HomePage.LeadsTab(HomePage.java:29)
at com.Shanon.pages.HomePage.LeadsTab(HomePage.java:29)
at com.Shanon.pages.HomePage.LeadsTab(HomePage.java:29)
at com.Shanon.pages.HomePage.LeadsTab(HomePage.java:29)
at com.Shanon.pages.HomePage.LeadsTab(HomePage.java:29)
at com.Shanon.pages.HomePage.LeadsTab(HomePage.java:29)
at com.Shanon.pages.HomePage.LeadsTab(HomePage.java:29)
at com.Shanon.pages.HomePage.LeadsTab(HomePage.java:29)
at com.Shanon.pages.HomePage.LeadsTab(HomePage.java:29)
at com.Shanon.pages.HomePage.LeadsTab(HomePage.java:29)
at com.Shanon.pages.HomePage.LeadsTab(HomePage.java:29)
at com.Shanon.pages.HomePage.LeadsTab(HomePage.java:29)
at com.Shanon.pages.HomePage.LeadsTab(HomePage.java:29)
at com.Shanon.pages.HomePage.LeadsTab(HomePage.java:29)
at com.Shanon.pages.HomePage.LeadsTab(HomePage.java:29)
at com.Shanon.pages.HomePage.LeadsTab(HomePage.java:29)
at com.Shanon.pages.HomePage.LeadsTab(HomePage.java:29)
at com.Shanon.pages.HomePage.LeadsTab(HomePage.java:29)
at com.Shanon.pages.HomePage.LeadsTab(HomePage.java:29)
at com.Shanon.pages.HomePage.LeadsTab(HomePage.java:29)
at com.Shanon.pages.HomePage.LeadsTab(HomePage.java:29)
at com.Shanon.pages.HomePage.LeadsTab(HomePage.java:29)
at com.Shanon.pages.HomePage.LeadsTab(HomePage.java:29)
at com.Shanon.pages.HomePage.LeadsTab(HomePage.java:29)
at com.Shanon.pages.HomePage.LeadsTab(HomePage.java:29)
at com.Shanon.pages.HomePage.LeadsTab(HomePage.java:29)
at com.Shanon.pages.HomePage.LeadsTab(HomePage.java:29)
at com.Shanon.pages.HomePage.LeadsTab(HomePage.java:29)
at com.Shanon.pages.HomePage.LeadsTab(HomePage.java:29)
at com.Shanon.pages.HomePage.LeadsTab(HomePage.java:29)
at com.Shanon.pages.HomePage.LeadsTab(HomePage.java:29)
at com.Shanon.pages.HomePage.LeadsTab(HomePage.java:29)
at com.Shanon.pages.HomePage.LeadsTab(HomePage.java:29)
at com.Shanon.pages.HomePage.LeadsTab(HomePage.java:29)
at com.Shanon.pages.HomePage.LeadsTab(HomePage.java:29)
at com.Shanon.pages.HomePage.LeadsTab(HomePage.java:29)
at com.Shanon.pages.HomePage.LeadsTab(HomePage.java:29)
at com.Shanon.pages.HomePage.LeadsTab(HomePage.java:29)
at com.Shanon.pages.HomePage.LeadsTab(HomePage.java:29)
at com.Shanon.pages.HomePage.LeadsTab(HomePage.java:29)
at com.Shanon.pages.HomePage.LeadsTab(HomePage.java:29)
at com.Shanon.pages.HomePage.LeadsTab(HomePage.java:29)
at com.Shanon.pages.HomePage.LeadsTab(HomePage.java:29)
at com.Shanon.pages.HomePage.LeadsTab(HomePage.java:29)
at com.Shanon.pages.HomePage.LeadsTab(HomePage.java:29)
at com.Shanon.pages.HomePage.LeadsTab(HomePage.java:29)
at com.Shanon.pages.HomePage.LeadsTab(HomePage.java:29)
at com.Shanon.pages.HomePage.LeadsTab(HomePage.java:29)
at com.Shanon.pages.HomePage.LeadsTab(HomePage.java:29)
at com.Shanon.pages.HomePage.LeadsTab(HomePage.java:29)
at com.Shanon.pages.HomePage.LeadsTab(HomePage.java:29)
at com.Shanon.pages.HomePage.LeadsTab(HomePage.java:29)
at com.Shanon.pages.HomePage.LeadsTab(HomePage.java:29)
at com.Shanon.pages.HomePage.LeadsTab(HomePage.java:29)
at com.Shanon.pages.HomePage.LeadsTab(HomePage.java:29)
at com.Shanon.pages.HomePage.LeadsTab(HomePage.java:29)
at com.Shanon.pages.HomePage.LeadsTab(HomePage.java:29)
at com.Shanon.pages.HomePage.LeadsTab(HomePage.java:29)
at com.Shanon.pages.HomePage.LeadsTab(HomePage.java:29)
at com.Shanon.pages.HomePage.LeadsTab(HomePage.java:29)
at com.Shanon.pages.HomePage.LeadsTab(HomePage.java:29)
at com.Shanon.pages.HomePage.LeadsTab(HomePage.java:29)
at com.Shanon.pages.HomePage.LeadsTab(HomePage.java:29)
at com.Shanon.pages.HomePage.LeadsTab(HomePage.java:29)
at com.Shanon.pages.HomePage.LeadsTab(HomePage.java:29)
at com.Shanon.pages.HomePage.LeadsTab(HomePage.java:29)
at com.Shanon.pages.HomePage.LeadsTab(HomePage.java:29)
at com.Shanon.pages.HomePage.LeadsTab(HomePage.java:29)
at com.Shanon.pages.HomePage.LeadsTab(HomePage.java:29)
at com.Shanon.pages.HomePage.LeadsTab(HomePage.java:29)
at com.Shanon.pages.HomePage.LeadsTab(HomePage.java:29)
at com.Shanon.pages.HomePage.LeadsTab(HomePage.java:29)
at com.Shanon.pages.HomePage.LeadsTab(HomePage.java:29)
at com.Shanon.pages.HomePage.LeadsTab(HomePage.java:29)
at com.Shanon.pages.HomePage.LeadsTab(HomePage.java:29)
at com.Shanon.pages.HomePage.LeadsTab(HomePage.java:29)
at com.Shanon.pages.HomePage.LeadsTab(HomePage.java:29)
at com.Shanon.pages.HomePage.LeadsTab(HomePage.java:29)
at com.Shanon.pages.HomePage.LeadsTab(HomePage.java:29)
at com.Shanon.pages.HomePage.LeadsTab(HomePage.java:29)
at com.Shanon.pages.HomePage.LeadsTab(HomePage.java:29)
at com.Shanon.pages.HomePage.LeadsTab(HomePage.java:29)
at com.Shanon.pages.HomePage.LeadsTab(HomePage.java:29)
at com.Shanon.pages.HomePage.LeadsTab(HomePage.java:29)
at com.Shanon.pages.HomePage.LeadsTab(HomePage.java:29)
at com.Shanon.pages.HomePage.LeadsTab(HomePage.java:29)
at com.Shanon.pages.HomePage.LeadsTab(HomePage.java:29)
at com.Shanon.pages.HomePage.LeadsTab(HomePage.java:29)
at com.Shanon.pages.HomePage.LeadsTab(HomePage.java:29)
at com.Shanon.pages.HomePage.LeadsTab(HomePage.java:29)
at com.Shanon.pages.HomePage.LeadsTab(HomePage.java:29)
at com.Shanon.pages.HomePage.LeadsTab(HomePage.java:29)
at com.Shanon.pages.HomePage.LeadsTab(HomePage.java:29)
at com.Shanon.pages.HomePage.LeadsTab(HomePage.java:29)
at com.Shanon.pages.HomePage.LeadsTab(HomePage.java:29)
at com.Shanon.pages.HomePage.LeadsTab(HomePage.java:29)
at com.Shanon.pages.HomePage.LeadsTab(HomePage.java:29)
at com.Shanon.pages.HomePage.LeadsTab(HomePage.java:29)
at com.Shanon.pages.HomePage.LeadsTab(HomePage.java:29)
at com.Shanon.pages.HomePage.LeadsTab(HomePage.java:29)
at com.Shanon.pages.HomePage.LeadsTab(HomePage.java:29)
at com.Shanon.pages.HomePage.LeadsTab(HomePage.java:29)
at com.Shanon.pages.HomePage.LeadsTab(HomePage.java:29)
at com.Shanon.pages.HomePage.LeadsTab(HomePage.java:29)
at com.Shanon.pages.HomePage.LeadsTab(HomePage.java:29)
at com.Shanon.pages.HomePage.LeadsTab(HomePage.java:29)
at com.Shanon.pages.HomePage.LeadsTab(HomePage.java:29)
at com.Shanon.pages.HomePage.LeadsTab(HomePage.java:29)
at com.Shanon.pages.HomePage.LeadsTab(HomePage.java:29)
at com.Shanon.pages.HomePage.LeadsTab(HomePage.java:29)
at com.Shanon.pages.HomePage.LeadsTab(HomePage.java:29)
at com.Shanon.pages.HomePage.LeadsTab(HomePage.java:29)
at com.Shanon.pages.HomePage.LeadsTab(HomePage.java:29)
at com.Shanon.pages.HomePage.LeadsTab(HomePage.java:29)
at com.Shanon.pages.HomePage.LeadsTab(HomePage.java:29)
at com.Shanon.pages.HomePage.LeadsTab(HomePage.java:29)
at com.Shanon.pages.HomePage.LeadsTab(HomePage.java:29)
at com.Shanon.pages.HomePage.LeadsTab(HomePage.java:29)
at com.Shanon.pages.HomePage.LeadsTab(HomePage.java:29)
at com.Shanon.pages.HomePage.LeadsTab(HomePage.java:29)
at com.Shanon.pages.HomePage.LeadsTab(HomePage.java:29)
at com.Shanon.pages.HomePage.LeadsTab(HomePage.java:29)
at com.Shanon.pages.HomePage.LeadsTab(HomePage.java:29)
at com.Shanon.pages.HomePage.LeadsTab(HomePage.java:29)
at com.Shanon.pages.HomePage.LeadsTab(HomePage.java:29)
at com.Shanon.pages.HomePage.LeadsTab(HomePage.java:29)
at com.Shanon.pages.HomePage.LeadsTab(HomePage.java:29)
at com.Shanon.pages.HomePage.LeadsTab(HomePage.java:29)
at com.Shanon.pages.HomePage.LeadsTab(HomePage.java:29)
at com.Shanon.pages.HomePage.LeadsTab(HomePage.java:29)
at com.Shanon.pages.HomePage.LeadsTab(HomePage.java:29)
at com.Shanon.pages.HomePage.LeadsTab(HomePage.java:29)
at com.Shanon.pages.HomePage.LeadsTab(HomePage.java:29)
at com.Shanon.pages.HomePage.LeadsTab(HomePage.java:29)
at com.Shanon.pages.HomePage.LeadsTab(HomePage.java:29)
at com.Shanon.pages.HomePage.LeadsTab(HomePage.java:29)
at com.Shanon.pages.HomePage.LeadsTab(HomePage.java:29)
at com.Shanon.pages.HomePage.LeadsTab(HomePage.java:29)
at com.Shanon.pages.HomePage.LeadsTab(HomePage.java:29)
at com.Shanon.pages.HomePage.LeadsTab(HomePage.java:29)
at com.Shanon.pages.HomePage.LeadsTab(HomePage.java:29)
at com.Shanon.pages.HomePage.LeadsTab(HomePage.java:29)
at com.Shanon.pages.HomePage.LeadsTab(HomePage.java:29)
at com.Shanon.pages.HomePage.LeadsTab(HomePage.java:29)
at com.Shanon.pages.HomePage.LeadsTab(HomePage.java:29)
at com.Shanon.pages.HomePage.LeadsTab(HomePage.java:29)
at com.Shanon.pages.HomePage.LeadsTab(HomePage.java:29)
at com.Shanon.pages.HomePage.LeadsTab(HomePage.java:29)
at com.Shanon.pages.HomePage.LeadsTab(HomePage.java:29)
at com.Shanon.pages.HomePage.LeadsTab(HomePage.java:29)
at com.Shanon.pages.HomePage.LeadsTab(HomePage.java:29)
at com.Shanon.pages.HomePage.LeadsTab(HomePage.java:29)
at com.Shanon.pages.HomePage.LeadsTab(HomePage.java:29)
at com.Shanon.pages.HomePage.LeadsTab(HomePage.java:29)
at com.Shanon.pages.HomePage.LeadsTab(HomePage.java:29)
at com.Shanon.pages.HomePage.LeadsTab(HomePage.java:29)
at com.Shanon.pages.HomePage.LeadsTab(HomePage.java:29)
at com.Shanon.pages.HomePage.LeadsTab(HomePage.java:29)
at com.Shanon.pages.HomePage.LeadsTab(HomePage.java:29)
at com.Shanon.pages.HomePage.LeadsTab(HomePage.java:29)
at com.Shanon.pages.HomePage.LeadsTab(HomePage.java:29)
at com.Shanon.pages.HomePage.LeadsTab(HomePage.java:29)
at com.Shanon.pages.HomePage.LeadsTab(HomePage.java:29)
at com.Shanon.pages.HomePage.LeadsTab(HomePage.java:29)
at com.Shanon.pages.HomePage.LeadsTab(HomePage.java:29)
at com.Shanon.pages.HomePage.LeadsTab(HomePage.java:29)
at com.Shanon.pages.HomePage.LeadsTab(HomePage.java:29)
at com.Shanon.pages.HomePage.LeadsTab(HomePage.java:29)
at com.Shanon.pages.HomePage.LeadsTab(HomePage.java:29)
at com.Shanon.pages.HomePage.LeadsTab(HomePage.java:29)
at com.Shanon.pages.HomePage.LeadsTab(HomePage.java:29)
at com.Shanon.pages.HomePage.LeadsTab(HomePage.java:29)
at com.Shanon.pages.HomePage.LeadsTab(HomePage.java:29)
at com.Shanon.pages.HomePage.LeadsTab(HomePage.java:29)
at com.Shanon.pages.HomePage.LeadsTab(HomePage.java:29)
at com.Shanon.pages.HomePage.LeadsTab(HomePage.java:29)
at com.Shanon.pages.HomePage.LeadsTab(HomePage.java:29)
at com.Shanon.pages.HomePage.LeadsTab(HomePage.java:29)
at com.Shanon.pages.HomePage.LeadsTab(HomePage.java:29)
at com.Shanon.pages.HomePage.LeadsTab(HomePage.java:29)
at com.Shanon.pages.HomePage.LeadsTab(HomePage.java:29)
at com.Shanon.pages.HomePage.LeadsTab(HomePage.java:29)
at com.Shanon.pages.HomePage.LeadsTab(HomePage.java:29)
at com.Shanon.pages.HomePage.LeadsTab(HomePage.java:29)
at com.Shanon.pages.HomePage.LeadsTab(HomePage.java:29)
at com.Shanon.pages.HomePage.LeadsTab(HomePage.java:29)
at com.Shanon.pages.HomePage.LeadsTab(HomePage.java:29)
at com.Shanon.pages.HomePage.LeadsTab(HomePage.java:29)
at com.Shanon.pages.HomePage.LeadsTab(HomePage.java:29)
at com.Shanon.pages.HomePage.LeadsTab(HomePage.java:29)
at com.Shanon.pages.HomePage.LeadsTab(HomePage.java:29)
at com.Shanon.pages.HomePage.LeadsTab(HomePage.java:29)
at com.Shanon.pages.HomePage.LeadsTab(HomePage.java:29)
at com.Shanon.pages.HomePage.LeadsTab(HomePage.java:29)
at com.Shanon.pages.HomePage.LeadsTab(HomePage.java:29)
at com.Shanon.pages.HomePage.LeadsTab(HomePage.java:29)
at com.Shanon.pages.HomePage.LeadsTab(HomePage.java:29)
at com.Shanon.pages.HomePage.LeadsTab(HomePage.java:29)
at com.Shanon.pages.HomePage.LeadsTab(HomePage.java:29)
at com.Shanon.pages.HomePage.LeadsTab(HomePage.java:29)
at com.Shanon.pages.HomePage.LeadsTab(HomePage.java:29)
at com.Shanon.pages.HomePage.LeadsTab(HomePage.java:29)
at com.Shanon.pages.HomePage.LeadsTab(HomePage.java:29)
at com.Shanon.pages.HomePage.LeadsTab(HomePage.java:29)
at com.Shanon.pages.HomePage.LeadsTab(HomePage.java:29)
at com.Shanon.pages.HomePage.LeadsTab(HomePage.java:29)
at com.Shanon.pages.HomePage.LeadsTab(HomePage.java:29)
at com.Shanon.pages.HomePage.LeadsTab(HomePage.java:29)
at com.Shanon.pages.HomePage.LeadsTab(HomePage.java:29)
at com.Shanon.pages.HomePage.LeadsTab(HomePage.java:29)
at com.Shanon.pages.HomePage.LeadsTab(HomePage.java:29)
at com.Shanon.pages.HomePage.LeadsTab(HomePage.java:29)
at com.Shanon.pages.HomePage.LeadsTab(HomePage.java:29)
at com.Shanon.pages.HomePage.LeadsTab(HomePage.java:29)
at com.Shanon.pages.HomePage.LeadsTab(HomePage.java:29)
at com.Shanon.pages.HomePage.LeadsTab(HomePage.java:29)
at com.Shanon.pages.HomePage.LeadsTab(HomePage.java:29)
at com.Shanon.pages.HomePage.LeadsTab(HomePage.java:29)
at com.Shanon.pages.HomePage.LeadsTab(HomePage.java:29)
at com.Shanon.pages.HomePage.LeadsTab(HomePage.java:29)
at com.Shanon.pages.HomePage.LeadsTab(HomePage.java:29)
at com.Shanon.pages.HomePage.LeadsTab(HomePage.java:29)
at com.Shanon.pages.HomePage.LeadsTab(HomePage.java:29)
at com.Shanon.pages.HomePage.LeadsTab(HomePage.java:29)
at com.Shanon.pages.HomePage.LeadsTab(HomePage.java:29)
at com.Shanon.pages.HomePage.LeadsTab(HomePage.java:29)
at com.Shanon.pages.HomePage.LeadsTab(HomePage.java:29)
at com.Shanon.pages.HomePage.LeadsTab(HomePage.java:29)
at com.Shanon.pages.HomePage.LeadsTab(HomePage.java:29)
at com.Shanon.pages.HomePage.LeadsTab(HomePage.java:29)
at com.Shanon.pages.HomePage.LeadsTab(HomePage.java:29)
at com.Shanon.pages.HomePage.LeadsTab(HomePage.java:29)
at com.Shanon.pages.HomePage.LeadsTab(HomePage.java:29)
at com.Shanon.pages.HomePage.LeadsTab(HomePage.java:29)
at com.Shanon.pages.HomePage.LeadsTab(HomePage.java:29)
at com.Shanon.pages.HomePage.LeadsTab(HomePage.java:29)
at com.Shanon.pages.HomePage.LeadsTab(HomePage.java:29)
at com.Shanon.pages.HomePage.LeadsTab(HomePage.java:29)
at com.Shanon.pages.HomePage.LeadsTab(HomePage.java:29)
at com.Shanon.pages.HomePage.LeadsTab(HomePage.java:29)
at com.Shanon.pages.HomePage.LeadsTab(HomePage.java:29)
at com.Shanon.pages.HomePage.LeadsTab(HomePage.java:29)
at com.Shanon.pages.HomePage.LeadsTab(HomePage.java:29)
at com.Shanon.pages.HomePage.LeadsTab(HomePage.java:29)
at com.Shanon.pages.HomePage.LeadsTab(HomePage.java:29)
at com.Shanon.pages.HomePage.LeadsTab(HomePage.java:29)
at com.Shanon.pages.HomePage.LeadsTab(HomePage.java:29)
at com.Shanon.pages.HomePage.LeadsTab(HomePage.java:29)
at com.Shanon.pages.HomePage.LeadsTab(HomePage.java:29)
at com.Shanon.pages.HomePage.LeadsTab(HomePage.java:29)
at com.Shanon.pages.HomePage.LeadsTab(HomePage.java:29)
at com.Shanon.pages.HomePage.LeadsTab(HomePage.java:29)
at com.Shanon.pages.HomePage.LeadsTab(HomePage.java:29)
at com.Shanon.pages.HomePage.LeadsTab(HomePage.java:29)
at com.Shanon.pages.HomePage.LeadsTab(HomePage.java:29)
at com.Shanon.pages.HomePage.LeadsTab(HomePage.java:29)
at com.Shanon.pages.HomePage.LeadsTab(HomePage.java:29)
at com.Shanon.pages.HomePage.LeadsTab(HomePage.java:29)
at com.Shanon.pages.HomePage.LeadsTab(HomePage.java:29)
at com.Shanon.pages.HomePage.LeadsTab(HomePage.java:29)
at com.Shanon.pages.HomePage.LeadsTab(HomePage.java:29)
at com.Shanon.pages.HomePage.LeadsTab(HomePage.java:29)
at com.Shanon.pages.HomePage.LeadsTab(HomePage.java:29)
at com.Shanon.pages.HomePage.LeadsTab(HomePage.java:29)
at com.Shanon.pages.HomePage.LeadsTab(HomePage.java:29)
at com.Shanon.pages.HomePage.LeadsTab(HomePage.java:29)
at com.Shanon.pages.HomePage.LeadsTab(HomePage.java:29)
at com.Shanon.pages.HomePage.LeadsTab(HomePage.java:29)
at com.Shanon.pages.HomePage.LeadsTab(HomePage.java:29)
at com.Shanon.pages.HomePage.LeadsTab(HomePage.java:29)
at com.Shanon.pages.HomePage.LeadsTab(HomePage.java:29)
at com.Shanon.pages.HomePage.LeadsTab(HomePage.java:29)
at com.Shanon.pages.HomePage.LeadsTab(HomePage.java:29)
at com.Shanon.pages.HomePage.LeadsTab(HomePage.java:29)
at com.Shanon.pages.HomePage.LeadsTab(HomePage.java:29)
at com.Shanon.pages.HomePage.LeadsTab(HomePage.java:29)
at com.Shanon.pages.HomePage.LeadsTab(HomePage.java:29)
at com.Shanon.pages.HomePage.LeadsTab(HomePage.java:29)
at com.Shanon.pages.HomePage.LeadsTab(HomePage.java:29)
at com.Shanon.pages.HomePage.LeadsTab(HomePage.java:29)
at com.Shanon.pages.HomePage.LeadsTab(HomePage.java:29)
at com.Shanon.pages.HomePage.LeadsTab(HomePage.java:29)
at com.Shanon.pages.HomePage.LeadsTab(HomePage.java:29)
at com.Shanon.pages.HomePage.LeadsTab(HomePage.java:29)
at com.Shanon.pages.HomePage.LeadsTab(HomePage.java:29)
at com.Shanon.pages.HomePage.LeadsTab(HomePage.java:29)
at com.Shanon.pages.HomePage.LeadsTab(HomePage.java:29)
at com.Shanon.pages.HomePage.LeadsTab(HomePage.java:29)
at com.Shanon.pages.HomePage.LeadsTab(HomePage.java:29)
at com.Shanon.pages.HomePage.LeadsTab(HomePage.java:29)
at com.Shanon.pages.HomePage.LeadsTab(HomePage.java:29)
at com.Shanon.pages.HomePage.LeadsTab(HomePage.java:29)
at com.Shanon.pages.HomePage.LeadsTab(HomePage.java:29)
at com.Shanon.pages.HomePage.LeadsTab(HomePage.java:29)
at com.Shanon.pages.HomePage.LeadsTab(HomePage.java:29)
at com.Shanon.pages.HomePage.LeadsTab(HomePage.java:29)
at com.Shanon.pages.HomePage.LeadsTab(HomePage.java:29)
at com.Shanon.pages.HomePage.LeadsTab(HomePage.java:29)
at com.Shanon.pages.HomePage.LeadsTab(HomePage.java:29)
at com.Shanon.pages.HomePage.LeadsTab(HomePage.java:29)
at com.Shanon.pages.HomePage.LeadsTab(HomePage.java:29)
at com.Shanon.pages.HomePage.LeadsTab(HomePage.java:29)
at com.Shanon.pages.HomePage.LeadsTab(HomePage.java:29)
at com.Shanon.pages.HomePage.LeadsTab(HomePage.java:29)
at com.Shanon.pages.HomePage.LeadsTab(HomePage.java:29)
at com.Shanon.pages.HomePage.LeadsTab(HomePage.java:29)
at com.Shanon.pages.HomePage.LeadsTab(HomePage.java:29)
at com.Shanon.pages.HomePage.LeadsTab(HomePage.java:29)
at com.Shanon.pages.HomePage.LeadsTab(HomePage.java:29)
at com.Shanon.pages.HomePage.LeadsTab(HomePage.java:29)
at com.Shanon.pages.HomePage.LeadsTab(HomePage.java:29)
at com.Shanon.pages.HomePage.LeadsTab(HomePage.java:29)
at com.Shanon.pages.HomePage.LeadsTab(HomePage.java:29)
at com.Shanon.pages.HomePage.LeadsTab(HomePage.java:29)
at com.Shanon.pages.HomePage.LeadsTab(HomePage.java:29)
at com.Shanon.pages.HomePage.LeadsTab(HomePage.java:29)
at com.Shanon.pages.HomePage.LeadsTab(HomePage.java:29)
at com.Shanon.pages.HomePage.LeadsTab(HomePage.java:29)
at com.Shanon.pages.HomePage.LeadsTab(HomePage.java:29)
at com.Shanon.pages.HomePage.LeadsTab(HomePage.java:29)
at com.Shanon.pages.HomePage.LeadsTab(HomePage.java:29)
at com.Shanon.pages.HomePage.LeadsTab(HomePage.java:29)
at com.Shanon.pages.HomePage.LeadsTab(HomePage.java:29)
at com.Shanon.pages.HomePage.LeadsTab(HomePage.java:29)
at com.Shanon.pages.HomePage.LeadsTab(HomePage.java:29)
at com.Shanon.pages.HomePage.LeadsTab(HomePage.java:29)
at com.Shanon.pages.HomePage.LeadsTab(HomePage.java:29)
at com.Shanon.pages.HomePage.LeadsTab(HomePage.java:29)
at com.Shanon.pages.HomePage.LeadsTab(HomePage.java:29)
at com.Shanon.pages.HomePage.LeadsTab(HomePage.java:29)
at com.Shanon.pages.HomePage.LeadsTab(HomePage.java:29)
at com.Shanon.pages.HomePage.LeadsTab(HomePage.java:29)
at com.Shanon.pages.HomePage.LeadsTab(HomePage.java:29)
at com.Shanon.pages.HomePage.LeadsTab(HomePage.java:29)
at com.Shanon.pages.HomePage.LeadsTab(HomePage.java:29)
at com.Shanon.pages.HomePage.LeadsTab(HomePage.java:29)
at com.Shanon.pages.HomePage.LeadsTab(HomePage.java:29)
at com.Shanon.pages.HomePage.LeadsTab(HomePage.java:29)
at com.Shanon.pages.HomePage.LeadsTab(HomePage.java:29)
at com.Shanon.pages.HomePage.LeadsTab(HomePage.java:29)
at com.Shanon.pages.HomePage.LeadsTab(HomePage.java:29)
at com.Shanon.pages.HomePage.LeadsTab(HomePage.java:29)
at com.Shanon.pages.HomePage.LeadsTab(HomePage.java:29)
at com.Shanon.pages.HomePage.LeadsTab(HomePage.java:29)
at com.Shanon.pages.HomePage.LeadsTab(HomePage.java:29)
at com.Shanon.pages.HomePage.LeadsTab(HomePage.java:29)
at com.Shanon.pages.HomePage.LeadsTab(HomePage.java:29)
at com.Shanon.pages.HomePage.LeadsTab(HomePage.java:29)
at com.Shanon.pages.HomePage.LeadsTab(HomePage.java:29)
at com.Shanon.pages.HomePage.LeadsTab(HomePage.java:29)
at com.Shanon.pages.HomePage.LeadsTab(HomePage.java:29)
at com.Shanon.pages.HomePage.LeadsTab(HomePage.java:29)
at com.Shanon.pages.HomePage.LeadsTab(HomePage.java:29)
at com.Shanon.pages.HomePage.LeadsTab(HomePage.java:29)
at com.Shanon.pages.HomePage.LeadsTab(HomePage.java:29)
at com.Shanon.pages.HomePage.LeadsTab(HomePage.java:29)
at com.Shanon.pages.HomePage.LeadsTab(HomePage.java:29)
at com.Shanon.pages.HomePage.LeadsTab(HomePage.java:29)
at com.Shanon.pages.HomePage.LeadsTab(HomePage.java:29)
at com.Shanon.pages.HomePage.LeadsTab(HomePage.java:29)
at com.Shanon.pages.HomePage.LeadsTab(HomePage.java:29)
at com.Shanon.pages.HomePage.LeadsTab(HomePage.java:29)
at com.Shanon.pages.HomePage.LeadsTab(HomePage.java:29)
at com.Shanon.pages.HomePage.LeadsTab(HomePage.java:29)
at com.Shanon.pages.HomePage.LeadsTab(HomePage.java:29)
at com.Shanon.pages.HomePage.LeadsTab(HomePage.java:29)
at com.Shanon.pages.HomePage.LeadsTab(HomePage.java:29)
at com.Shanon.pages.HomePage.LeadsTab(HomePage.java:29)
at com.Shanon.pages.HomePage.LeadsTab(HomePage.java:29)
at com.Shanon.pages.HomePage.LeadsTab(HomePage.java:29)
at com.Shanon.pages.HomePage.LeadsTab(HomePage.java:29)
at com.Shanon.pages.HomePage.LeadsTab(HomePage.java:29)
at com.Shanon.pages.HomePage.LeadsTab(HomePage.java:29)
at com.Shanon.pages.HomePage.LeadsTab(HomePage.java:29)
at com.Shanon.pages.HomePage.LeadsTab(HomePage.java:29)
at com.Shanon.pages.HomePage.LeadsTab(HomePage.java:29)
at com.Shanon.pages.HomePage.LeadsTab(HomePage.java:29)
at com.Shanon.pages.HomePage.LeadsTab(HomePage.java:29)
at com.Shanon.pages.HomePage.LeadsTab(HomePage.java:29)
at com.Shanon.pages.HomePage.LeadsTab(HomePage.java:29)
at com.Shanon.pages.HomePage.LeadsTab(HomePage.java:29)
at com.Shanon.pages.HomePage.LeadsTab(HomePage.java:29)
at com.Shanon.pages.HomePage.LeadsTab(HomePage.java:29)
at com.Shanon.pages.HomePage.LeadsTab(HomePage.java:29)
at com.Shanon.pages.HomePage.LeadsTab(HomePage.java:29)
at com.Shanon.pages.HomePage.LeadsTab(HomePage.java:29)
at com.Shanon.pages.HomePage.LeadsTab(HomePage.java:29)
at com.Shanon.pages.HomePage.LeadsTab(HomePage.java:29)
at com.Shanon.pages.HomePage.LeadsTab(HomePage.java:29)
at com.Shanon.pages.HomePage.LeadsTab(HomePage.java:29)
at com.Shanon.pages.HomePage.LeadsTab(HomePage.java:29)
at com.Shanon.pages.HomePage.LeadsTab(HomePage.java:29)
at com.Shanon.pages.HomePage.LeadsTab(HomePage.java:29)
at com.Shanon.pages.HomePage.LeadsTab(HomePage.java:29)
at com.Shanon.pages.HomePage.LeadsTab(HomePage.java:29)
at com.Shanon.pages.HomePage.LeadsTab(HomePage.java:29)
at com.Shanon.pages.HomePage.LeadsTab(HomePage.java:29)
at com.Shanon.pages.HomePage.LeadsTab(HomePage.java:29)
at com.Shanon.pages.HomePage.LeadsTab(HomePage.java:29)
at com.Shanon.pages.HomePage.LeadsTab(HomePage.java:29)
at com.Shanon.pages.HomePage.LeadsTab(HomePage.java:29)
at com.Shanon.pages.HomePage.LeadsTab(HomePage.java:29)
at com.Shanon.pages.HomePage.LeadsTab(HomePage.java:29)
at com.Shanon.pages.HomePage.LeadsTab(HomePage.java:29)
at com.Shanon.pages.HomePage.LeadsTab(HomePage.java:29)
at com.Shanon.pages.HomePage.LeadsTab(HomePage.java:29)
at com.Shanon.pages.HomePage.LeadsTab(HomePage.java:29)
at com.Shanon.pages.HomePage.LeadsTab(HomePage.java:29)
at com.Shanon.pages.HomePage.LeadsTab(HomePage.java:29)
at com.Shanon.pages.HomePage.LeadsTab(HomePage.java:29)
at com.Shanon.pages.HomePage.LeadsTab(HomePage.java:29)
at com.Shanon.pages.HomePage.LeadsTab(HomePage.java:29)
at com.Shanon.pages.HomePage.LeadsTab(HomePage.java:29)
at com.Shanon.pages.HomePage.LeadsTab(HomePage.java:29)
at com.Shanon.pages.HomePage.LeadsTab(HomePage.java:29)
at com.Shanon.pages.HomePage.LeadsTab(HomePage.java:29)
at com.Shanon.pages.HomePage.LeadsTab(HomePage.java:29)
at com.Shanon.pages.HomePage.LeadsTab(HomePage.java:29)
at com.Shanon.pages.HomePage.LeadsTab(HomePage.java:29)
at com.Shanon.pages.HomePage.LeadsTab(HomePage.java:29)
at com.Shanon.pages.HomePage.LeadsTab(HomePage.java:29)
at com.Shanon.pages.HomePage.LeadsTab(HomePage.java:29)
at com.Shanon.pages.HomePage.LeadsTab(HomePage.java:29)
at com.Shanon.pages.HomePage.LeadsTab(HomePage.java:29)
at com.Shanon.pages.HomePage.LeadsTab(HomePage.java:29)
at com.Shanon.pages.HomePage.LeadsTab(HomePage.java:29)
at com.Shanon.pages.HomePage.LeadsTab(HomePage.java:29)
at com.Shanon.pages.HomePage.LeadsTab(HomePage.java:29)
at com.Shanon.pages.HomePage.LeadsTab(HomePage.java:29)
at com.Shanon.pages.HomePage.LeadsTab(HomePage.java:29)
at com.Shanon.pages.HomePage.LeadsTab(HomePage.java:29)
at com.Shanon.pages.HomePage.LeadsTab(HomePage.java:29)
at com.Shanon.pages.HomePage.LeadsTab(HomePage.java:29)
at com.Shanon.pages.HomePage.LeadsTab(HomePage.java:29)
at com.Shanon.pages.HomePage.LeadsTab(HomePage.java:29)
at com.Shanon.pages.HomePage.LeadsTab(HomePage.java:29)
at com.Shanon.pages.HomePage.LeadsTab(HomePage.java:29)
at com.Shanon.pages.HomePage.LeadsTab(HomePage.java:29)
at com.Shanon.pages.HomePage.LeadsTab(HomePage.java:29)
at com.Shanon.pages.HomePage.LeadsTab(HomePage.java:29)
at com.Shanon.pages.HomePage.LeadsTab(HomePage.java:29)
at com.Shanon.pages.HomePage.LeadsTab(HomePage.java:29)
at com.Shanon.pages.HomePage.LeadsTab(HomePage.java:29)
at com.Shanon.pages.HomePage.LeadsTab(HomePage.java:29)
at com.Shanon.pages.HomePage.LeadsTab(HomePage.java:29)
at com.Shanon.pages.HomePage.LeadsTab(HomePage.java:29)
at com.Shanon.pages.HomePage.LeadsTab(HomePage.java:29)
at com.Shanon.pages.HomePage.LeadsTab(HomePage.java:29)
at com.Shanon.pages.HomePage.LeadsTab(HomePage.java:29)
at com.Shanon.pages.HomePage.LeadsTab(HomePage.java:29)
at com.Shanon.pages.HomePage.LeadsTab(HomePage.java:29)
at com.Shanon.pages.HomePage.LeadsTab(HomePage.java:29)
at com.Shanon.pages.HomePage.LeadsTab(HomePage.java:29)
at com.Shanon.pages.HomePage.LeadsTab(HomePage.java:29)
at com.Shanon.pages.HomePage.LeadsTab(HomePage.java:29)
at com.Shanon.pages.HomePage.LeadsTab(HomePage.java:29)
at com.Shanon.pages.HomePage.LeadsTab(HomePage.java:29)
at com.Shanon.pages.HomePage.LeadsTab(HomePage.java:29)
at com.Shanon.pages.HomePage.LeadsTab(HomePage.java:29)
at com.Shanon.pages.HomePage.LeadsTab(HomePage.java:29)
at com.Shanon.pages.HomePage.LeadsTab(HomePage.java:29)
at com.Shanon.pages.HomePage.LeadsTab(HomePage.java:29)
at com.Shanon.pages.HomePage.LeadsTab(HomePage.java:29)
at com.Shanon.pages.HomePage.LeadsTab(HomePage.java:29)
at com.Shanon.pages.HomePage.LeadsTab(HomePage.java:29)
at com.Shanon.pages.HomePage.LeadsTab(HomePage.java:29)
at com.Shanon.pages.HomePage.LeadsTab(HomePage.java:29)
at com.Shanon.pages.HomePage.LeadsTab(HomePage.java:29)
at com.Shanon.pages.HomePage.LeadsTab(HomePage.java:29)
at com.Shanon.pages.HomePage.LeadsTab(HomePage.java:29)
at com.Shanon.pages.HomePage.LeadsTab(HomePage.java:29)
at com.Shanon.pages.HomePage.LeadsTab(HomePage.java:29)
at com.Shanon.pages.HomePage.LeadsTab(HomePage.java:29)
at com.Shanon.pages.HomePage.LeadsTab(HomePage.java:29)
at com.Shanon.pages.HomePage.LeadsTab(HomePage.java:29)
at com.Shanon.pages.HomePage.LeadsTab(HomePage.java:29)
at com.Shanon.pages.HomePage.LeadsTab(HomePage.java:29)
at com.Shanon.pages.HomePage.LeadsTab(HomePage.java:29)
at com.Shanon.pages.HomePage.LeadsTab(HomePage.java:29)
at com.Shanon.pages.HomePage.LeadsTab(HomePage.java:29)
at com.Shanon.pages.HomePage.LeadsTab(HomePage.java:29)
at com.Shanon.pages.HomePage.LeadsTab(HomePage.java:29)
at com.Shanon.pages.HomePage.LeadsTab(HomePage.java:29)
at com.Shanon.pages.HomePage.LeadsTab(HomePage.java:29)
at com.Shanon.pages.HomePage.LeadsTab(HomePage.java:29)
at com.Shanon.pages.HomePage.LeadsTab(HomePage.java:29)
at com.Shanon.pages.HomePage.LeadsTab(HomePage.java:29)
at com.Shanon.pages.HomePage.LeadsTab(HomePage.java:29)
at com.Shanon.pages.HomePage.LeadsTab(HomePage.java:29)
at com.Shanon.pages.HomePage.LeadsTab(HomePage.java:29)
at com.Shanon.pages.HomePage.LeadsTab(HomePage.java:29)
at com.Shanon.pages.HomePage.LeadsTab(HomePage.java:29)
at com.Shanon.pages.HomePage.LeadsTab(HomePage.java:29)
at com.Shanon.pages.HomePage.LeadsTab(HomePage.java:29)
at com.Shanon.pages.HomePage.LeadsTab(HomePage.java:29)
at com.Shanon.pages.HomePage.LeadsTab(HomePage.java:29)
at com.Shanon.pages.HomePage.LeadsTab(HomePage.java:29)
at com.Shanon.pages.HomePage.LeadsTab(HomePage.java:29)
at com.Shanon.pages.HomePage.LeadsTab(HomePage.java:29)
at com.Shanon.pages.HomePage.LeadsTab(HomePage.java:29)
at com.Shanon.pages.HomePage.LeadsTab(HomePage.java:29)
at com.Shanon.pages.HomePage.LeadsTab(HomePage.java:29)
at com.Shanon.pages.HomePage.LeadsTab(HomePage.java:29)
at com.Shanon.pages.HomePage.LeadsTab(HomePage.java:29)
at com.Shanon.pages.HomePage.LeadsTab(HomePage.java:29)
at com.Shanon.pages.HomePage.LeadsTab(HomePage.java:29)
at com.Shanon.pages.HomePage.LeadsTab(HomePage.java:29)
at com.Shanon.pages.HomePage.LeadsTab(HomePage.java:29)
at com.Shanon.pages.HomePage.LeadsTab(HomePage.java:29)
at com.Shanon.pages.HomePage.LeadsTab(HomePage.java:29)
at com.Shanon.pages.HomePage.LeadsTab(HomePage.java:29)
at com.Shanon.pages.HomePage.LeadsTab(HomePage.java:29)
at com.Shanon.pages.HomePage.LeadsTab(HomePage.java:29)
at com.Shanon.pages.HomePage.LeadsTab(HomePage.java:29)
at com.Shanon.pages.HomePage.LeadsTab(HomePage.java:29)
at com.Shanon.pages.HomePage.LeadsTab(HomePage.java:29)
at com.Shanon.pages.HomePage.LeadsTab(HomePage.java:29)
at com.Shanon.pages.HomePage.LeadsTab(HomePage.java:29)
at com.Shanon.pages.HomePage.LeadsTab(HomePage.java:29)
at com.Shanon.pages.HomePage.LeadsTab(HomePage.java:29)
at com.Shanon.pages.HomePage.LeadsTab(HomePage.java:29)
at com.Shanon.pages.HomePage.LeadsTab(HomePage.java:29)
at com.Shanon.pages.HomePage.LeadsTab(HomePage.java:29)
at com.Shanon.pages.HomePage.LeadsTab(HomePage.java:29)
at com.Shanon.pages.HomePage.LeadsTab(HomePage.java:29)
at com.Shanon.pages.HomePage.LeadsTab(HomePage.java:29)
at com.Shanon.pages.HomePage.LeadsTab(HomePage.java:29)
at com.Shanon.pages.HomePage.LeadsTab(HomePage.java:29)
at com.Shanon.pages.HomePage.LeadsTab(HomePage.java:29)
at com.Shanon.pages.HomePage.LeadsTab(HomePage.java:29)
at com.Shanon.pages.HomePage.LeadsTab(HomePage.java:29)
at com.Shanon.pages.HomePage.LeadsTab(HomePage.java:29)
at com.Shanon.pages.HomePage.LeadsTab(HomePage.java:29)
at com.Shanon.pages.HomePage.LeadsTab(HomePage.java:29)
at com.Shanon.pages.HomePage.LeadsTab(HomePage.java:29)
at com.Shanon.pages.HomePage.LeadsTab(HomePage.java:29)
at com.Shanon.pages.HomePage.LeadsTab(HomePage.java:29)
at com.Shanon.pages.HomePage.LeadsTab(HomePage.java:29)
at com.Shanon.pages.HomePage.LeadsTab(HomePage.java:29)
at com.Shanon.pages.HomePage.LeadsTab(HomePage.java:29)
at com.Shanon.pages.HomePage.LeadsTab(HomePage.java:29)
at com.Shanon.pages.HomePage.LeadsTab(HomePage.java:29)
at com.Shanon.pages.HomePage.LeadsTab(HomePage.java:29)
at com.Shanon.pages.HomePage.LeadsTab(HomePage.java:29)
at com.Shanon.pages.HomePage.LeadsTab(HomePage.java:29)
at com.Shanon.pages.HomePage.LeadsTab(HomePage.java:29)
at com.Shanon.pages.HomePage.LeadsTab(HomePage.java:29)
at com.Shanon.pages.HomePage.LeadsTab(HomePage.java:29)
at com.Shanon.pages.HomePage.LeadsTab(HomePage.java:29)
at com.Shanon.pages.HomePage.LeadsTab(HomePage.java:29)
at com.Shanon.pages.HomePage.LeadsTab(HomePage.java:29)
at com.Shanon.pages.HomePage.LeadsTab(HomePage.java:29)
at com.Shanon.pages.HomePage.LeadsTab(HomePage.java:29)
at com.Shanon.pages.HomePage.LeadsTab(HomePage.java:29)
at com.Shanon.pages.HomePage.LeadsTab(HomePage.java:29)
at com.Shanon.pages.HomePage.LeadsTab(HomePage.java:29)
at com.Shanon.pages.HomePage.LeadsTab(HomePage.java:29)
at com.Shanon.pages.HomePage.LeadsTab(HomePage.java:29)
at com.Shanon.pages.HomePage.LeadsTab(HomePage.java:29)
at com.Shanon.pages.HomePage.LeadsTab(HomePage.java:29)
at com.Shanon.pages.HomePage.LeadsTab(HomePage.java:29)
at com.Shanon.pages.HomePage.LeadsTab(HomePage.java:29)
at com.Shanon.pages.HomePage.LeadsTab(HomePage.java:29)
at com.Shanon.pages.HomePage.LeadsTab(HomePage.java:29)
at com.Shanon.pages.HomePage.LeadsTab(HomePage.java:29)
at com.Shanon.pages.HomePage.LeadsTab(HomePage.java:29)
at com.Shanon.pages.HomePage.LeadsTab(HomePage.java:29)
at com.Shanon.pages.HomePage.LeadsTab(HomePage.java:29)
at com.Shanon.pages.HomePage.LeadsTab(HomePage.java:29)
at com.Shanon.pages.HomePage.LeadsTab(HomePage.java:29)
at com.Shanon.pages.HomePage.LeadsTab(HomePage.java:29)
at com.Shanon.pages.HomePage.LeadsTab(HomePage.java:29)
at com.Shanon.pages.HomePage.LeadsTab(HomePage.java:29)
at com.Shanon.pages.HomePage.LeadsTab(HomePage.java:29)
at com.Shanon.pages.HomePage.LeadsTab(HomePage.java:29)
at com.Shanon.pages.HomePage.LeadsTab(HomePage.java:29)
at com.Shanon.pages.HomePage.LeadsTab(HomePage.java:29)
at com.Shanon.pages.HomePage.LeadsTab(HomePage.java:29)
at com.Shanon.pages.HomePage.LeadsTab(HomePage.java:29)
at com.Shanon.pages.HomePage.LeadsTab(HomePage.java:29)
at com.Shanon.pages.HomePage.LeadsTab(HomePage.java:29)
at com.Shanon.pages.HomePage.LeadsTab(HomePage.java:29)
at com.Shanon.pages.HomePage.LeadsTab(HomePage.java:29)
at com.Shanon.pages.HomePage.LeadsTab(HomePage.java:29)
at com.Shanon.pages.HomePage.LeadsTab(HomePage.java:29)
at com.Shanon.pages.HomePage.LeadsTab(HomePage.java:29)
at com.Shanon.pages.HomePage.LeadsTab(HomePage.java:29)
at com.Shanon.pages.HomePage.LeadsTab(HomePage.java:29)
at com.Shanon.pages.HomePage.LeadsTab(HomePage.java:29)
at com.Shanon.pages.HomePage.LeadsTab(HomePage.java:29)
at com.Shanon.pages.HomePage.LeadsTab(HomePage.java:29)
at com.Shanon.pages.HomePage.LeadsTab(HomePage.java:29)
at com.Shanon.pages.HomePage.LeadsTab(HomePage.java:29)
at com.Shanon.pages.HomePage.LeadsTab(HomePage.java:29)
at com.Shanon.pages.HomePage.LeadsTab(HomePage.java:29)
at com.Shanon.pages.HomePage.LeadsTab(HomePage.java:29)
at com.Shanon.pages.HomePage.LeadsTab(HomePage.java:29)
at com.Shanon.pages.HomePage.LeadsTab(HomePage.java:29)
at com.Shanon.pages.HomePage.LeadsTab(HomePage.java:29)
at com.Shanon.pages.HomePage.LeadsTab(HomePage.java:29)
at com.Shanon.pages.HomePage.LeadsTab(HomePage.java:29)
at com.Shanon.pages.HomePage.LeadsTab(HomePage.java:29)
at com.Shanon.pages.HomePage.LeadsTab(HomePage.java:29)
at com.Shanon.pages.HomePage.LeadsTab(HomePage.java:29)
at com.Shanon.pages.HomePage.LeadsTab(HomePage.java:29)
at com.Shanon.pages.HomePage.LeadsTab(HomePage.java:29)
at com.Shanon.pages.HomePage.LeadsTab(HomePage.java:29)
at com.Shanon.pages.HomePage.LeadsTab(HomePage.java:29)
at com.Shanon.pages.HomePage.LeadsTab(HomePage.java:29)
at com.Shanon.pages.HomePage.LeadsTab(HomePage.java:29)
at com.Shanon.pages.HomePage.LeadsTab(HomePage.java:29)
at com.Shanon.pages.HomePage.LeadsTab(HomePage.java:29)
at com.Shanon.pages.HomePage.LeadsTab(HomePage.java:29)
at com.Shanon.pages.HomePage.LeadsTab(HomePage.java:29)
at com.Shanon.pages.HomePage.LeadsTab(HomePage.java:29)
at com.Shanon.pages.HomePage.LeadsTab(HomePage.java:29)
at com.Shanon.pages.HomePage.LeadsTab(HomePage.java:29)
at com.Shanon.pages.HomePage.LeadsTab(HomePage.java:29)
at com.Shanon.pages.HomePage.LeadsTab(HomePage.java:29)
at com.Shanon.pages.HomePage.LeadsTab(HomePage.java:29)
at com.Shanon.pages.HomePage.LeadsTab(HomePage.java:29)
at com.Shanon.pages.HomePage.LeadsTab(HomePage.java:29)
at com.Shanon.pages.HomePage.LeadsTab(HomePage.java:29)
at com.Shanon.pages.HomePage.LeadsTab(HomePage.java:29)
at com.Shanon.pages.HomePage.LeadsTab(HomePage.java:29)
at com.Shanon.pages.HomePage.LeadsTab(HomePage.java:29)
at com.Shanon.pages.HomePage.LeadsTab(HomePage.java:29)
at com.Shanon.pages.HomePage.LeadsTab(HomePage.java:29)
at com.Shanon.pages.HomePage.LeadsTab(HomePage.java:29)
at com.Shanon.pages.HomePage.LeadsTab(HomePage.java:29)
at com.Shanon.pages.HomePage.LeadsTab(HomePage.java:29)
at com.Shanon.pages.HomePage.LeadsTab(HomePage.java:29)
at com.Shanon.pages.HomePage.LeadsTab(HomePage.java:29)
at com.Shanon.pages.HomePage.LeadsTab(HomePage.java:29)
at com.Shanon.pages.HomePage.LeadsTab(HomePage.java:29)
at com.Shanon.pages.HomePage.LeadsTab(HomePage.java:29)
at com.Shanon.pages.HomePage.LeadsTab(HomePage.java:29)
at com.Shanon.pages.HomePage.LeadsTab(HomePage.java:29)
at com.Shanon.pages.HomePage.LeadsTab(HomePage.java:29)
at com.Shanon.pages.HomePage.LeadsTab(HomePage.java:29)
at com.Shanon.pages.HomePage.LeadsTab(HomePage.java:29)
at com.Shanon.pages.HomePage.LeadsTab(HomePage.java:29)
at com.Shanon.pages.HomePage.LeadsTab(HomePage.java:29)
at com.Shanon.pages.HomePage.LeadsTab(HomePage.java:29)
at com.Shanon.pages.HomePage.LeadsTab(HomePage.java:29)
at com.Shanon.pages.HomePage.LeadsTab(HomePage.java:29)
at com.Shanon.pages.HomePage.LeadsTab(HomePage.java:29)
at com.Shanon.pages.HomePage.LeadsTab(HomePage.java:29)
at com.Shanon.pages.HomePage.LeadsTab(HomePage.java:29)
at com.Shanon.pages.HomePage.LeadsTab(HomePage.java:29)
at com.Shanon.pages.HomePage.LeadsTab(HomePage.java:29)
at com.Shanon.pages.HomePage.LeadsTab(HomePage.java:29)
at com.Shanon.pages.HomePage.LeadsTab(HomePage.java:29)
at com.Shanon.pages.HomePage.LeadsTab(HomePage.java:29)
at com.Shanon.pages.HomePage.LeadsTab(HomePage.java:29)
at com.Shanon.pages.HomePage.LeadsTab(HomePage.java:29)
at com.Shanon.pages.HomePage.LeadsTab(HomePage.java:29)
at com.Shanon.pages.HomePage.LeadsTab(HomePage.java:29)
at com.Shanon.pages.HomePage.LeadsTab(HomePage.java:29)
at com.Shanon.pages.HomePage.LeadsTab(HomePage.java:29)
at com.Shanon.pages.HomePage.LeadsTab(HomePage.java:29)
at com.Shanon.pages.HomePage.LeadsTab(HomePage.java:29)
at com.Shanon.pages.HomePage.LeadsTab(HomePage.java:29)
at com.Shanon.pages.HomePage.LeadsTab(HomePage.java:29)
at com.Shanon.pages.HomePage.LeadsTab(HomePage.java:29)
at com.Shanon.pages.HomePage.LeadsTab(HomePage.java:29)
at com.Shanon.pages.HomePage.LeadsTab(HomePage.java:29)
at com.Shanon.pages.HomePage.LeadsTab(HomePage.java:29)
at com.Shanon.pages.HomePage.LeadsTab(HomePage.java:29)
at com.Shanon.pages.HomePage.LeadsTab(HomePage.java:29)
at com.Shanon.pages.HomePage.LeadsTab(HomePage.java:29)
at com.Shanon.pages.HomePage.LeadsTab(HomePage.java:29)
at com.Shanon.pages.HomePage.LeadsTab(HomePage.java:29)
at com.Shanon.pages.HomePage.LeadsTab(HomePage.java:29)
at com.Shanon.pages.HomePage.LeadsTab(HomePage.java:29)
at com.Shanon.pages.HomePage.LeadsTab(HomePage.java:29)
at com.Shanon.pages.HomePage.LeadsTab(HomePage.java:29)
at com.Shanon.pages.HomePage.LeadsTab(HomePage.java:29)
at com.Shanon.pages.HomePage.LeadsTab(HomePage.java:29)
at com.Shanon.pages.HomePage.LeadsTab(HomePage.java:29)
at com.Shanon.pages.HomePage.LeadsTab(HomePage.java:29)
at com.Shanon.pages.HomePage.LeadsTab(HomePage.java:29)
at com.Shanon.pages.HomePage.LeadsTab(HomePage.java:29)
at com.Shanon.pages.HomePage.LeadsTab(HomePage.java:29)
at com.Shanon.pages.HomePage.LeadsTab(HomePage.java:29)
at com.Shanon.pages.HomePage.LeadsTab(HomePage.java:29)
at com.Shanon.pages.HomePage.LeadsTab(HomePage.java:29)
at com.Shanon.pages.HomePage.LeadsTab(HomePage.java:29)
at com.Shanon.pages.HomePage.LeadsTab(HomePage.java:29)
at com.Shanon.pages.HomePage.LeadsTab(HomePage.java:29)
at com.Shanon.pages.HomePage.LeadsTab(HomePage.java:29)
at com.Shanon.pages.HomePage.LeadsTab(HomePage.java:29)
at com.Shanon.pages.HomePage.LeadsTab(HomePage.java:29)
at com.Shanon.pages.HomePage.LeadsTab(HomePage.java:29)
at com.Shanon.pages.HomePage.LeadsTab(HomePage.java:29)
at com.Shanon.pages.HomePage.LeadsTab(HomePage.java:29)
at com.Shanon.pages.HomePage.LeadsTab(HomePage.java:29)
at com.Shanon.pages.HomePage.LeadsTab(HomePage.java:29)
at com.Shanon.pages.HomePage.LeadsTab(HomePage.java:29)
at com.Shanon.pages.HomePage.LeadsTab(HomePage.java:29)
at com.Shanon.pages.HomePage.LeadsTab(HomePage.java:29)
at com.Shanon.pages.HomePage.LeadsTab(HomePage.java:29)
at com.Shanon.pages.HomePage.LeadsTab(HomePage.java:29)
at com.Shanon.pages.HomePage.LeadsTab(HomePage.java:29)
at com.Shanon.pages.HomePage.LeadsTab(HomePage.java:29)
at com.Shanon.pages.HomePage.LeadsTab(HomePage.java:29)
at com.Shanon.pages.HomePage.LeadsTab(HomePage.java:29)
at com.Shanon.pages.HomePage.LeadsTab(HomePage.java:29)
at com.Shanon.pages.HomePage.LeadsTab(HomePage.java:29)
at com.Shanon.pages.HomePage.LeadsTab(HomePage.java:29)
at com.Shanon.pages.HomePage.LeadsTab(HomePage.java:29)
at com.Shanon.pages.HomePage.LeadsTab(HomePage.java:29)
at com.Shanon.pages.HomePage.LeadsTab(HomePage.java:29)
at com.Shanon.pages.HomePage.LeadsTab(HomePage.java:29)
at com.Shanon.pages.HomePage.LeadsTab(HomePage.java:29)
at com.Shanon.pages.HomePage.LeadsTab(HomePage.java:29)
at com.Shanon.pages.HomePage.LeadsTab(HomePage.java:29)
at com.Shanon.pages.HomePage.LeadsTab(HomePage.java:29)
at com.Shanon.pages.HomePage.LeadsTab(HomePage.java:29)
at com.Shanon.pages.HomePage.LeadsTab(HomePage.java:29)
at com.Shanon.pages.HomePage.LeadsTab(HomePage.java:29)
at com.Shanon.pages.HomePage.LeadsTab(HomePage.java:29)
at com.Shanon.pages.HomePage.LeadsTab(HomePage.java:29)
at com.Shanon.pages.HomePage.LeadsTab(HomePage.java:29)
at com.Shanon.pages.HomePage.LeadsTab(HomePage.java:29)
at com.Shanon.pages.HomePage.LeadsTab(HomePage.java:29)
at com.Shanon.pages.HomePage.LeadsTab(HomePage.java:29)
at com.Shanon.pages.HomePage.LeadsTab(HomePage.java:29)
at com.Shanon.pages.HomePage.LeadsTab(HomePage.java:29)
at com.Shanon.pages.HomePage.LeadsTab(HomePage.java:29)
at com.Shanon.pages.HomePage.LeadsTab(HomePage.java:29)
at com.Shanon.pages.HomePage.LeadsTab(HomePage.java:29)
at com.Shanon.pages.HomePage.LeadsTab(HomePage.java:29)
at com.Shanon.pages.HomePage.LeadsTab(HomePage.java:29)
at com.Shanon.pages.HomePage.LeadsTab(HomePage.java:29)
at com.Shanon.pages.HomePage.LeadsTab(HomePage.java:29)
at com.Shanon.pages.HomePage.LeadsTab(HomePage.java:29)
at com.Shanon.pages.HomePage.LeadsTab(HomePage.java:29)
at com.Shanon.pages.HomePage.LeadsTab(HomePage.java:29)
at com.Shanon.pages.HomePage.LeadsTab(HomePage.java:29)
at com.Shanon.pages.HomePage.LeadsTab(HomePage.java:29)
at com.Shanon.pages.HomePage.LeadsTab(HomePage.java:29)
at com.Shanon.pages.HomePage.LeadsTab(HomePage.java:29)
at com.Shanon.pages.HomePage.LeadsTab(HomePage.java:29)
at com.Shanon.pages.HomePage.LeadsTab(HomePage.java:29)
at com.Shanon.pages.HomePage.LeadsTab(HomePage.java:29)
at com.Shanon.pages.HomePage.LeadsTab(HomePage.java:29)
at com.Shanon.pages.HomePage.LeadsTab(HomePage.java:29)
at com.Shanon.pages.HomePage.LeadsTab(HomePage.java:29)
at com.Shanon.pages.HomePage.LeadsTab(HomePage.java:29)
at com.Shanon.pages.HomePage.LeadsTab(HomePage.java:29)
at com.Shanon.pages.HomePage.LeadsTab(HomePage.java:29)
at com.Shanon.pages.HomePage.LeadsTab(HomePage.java:29)
at com.Shanon.pages.HomePage.LeadsTab(HomePage.java:29)
at com.Shanon.pages.HomePage.LeadsTab(HomePage.java:29)
at com.Shanon.pages.HomePage.LeadsTab(HomePage.java:29)
at com.Shanon.pages.HomePage.LeadsTab(HomePage.java:29)
at com.Shanon.pages.HomePage.LeadsTab(HomePage.java:29)
at com.Shanon.pages.HomePage.LeadsTab(HomePage.java:29)
at com.Shanon.pages.HomePage.LeadsTab(HomePage.java:29)
at com.Shanon.pages.HomePage.LeadsTab(HomePage.java:29)
at com.Shanon.pages.HomePage.LeadsTab(HomePage.java:29)
at com.Shanon.pages.HomePage.LeadsTab(HomePage.java:29)
at com.Shanon.pages.HomePage.LeadsTab(HomePage.java:29)
at com.Shanon.pages.HomePage.LeadsTab(HomePage.java:29)
at com.Shanon.pages.HomePage.LeadsTab(HomePage.java:29)
at com.Shanon.pages.HomePage.LeadsTab(HomePage.java:29)
at com.Shanon.pages.HomePage.LeadsTab(HomePage.java:29)
at com.Shanon.pages.HomePage.LeadsTab(HomePage.java:29)
at com.Shanon.pages.HomePage.LeadsTab(HomePage.java:29)
at com.Shanon.pages.HomePage.LeadsTab(HomePage.java:29)
at com.Shanon.pages.HomePage.LeadsTab(HomePage.java:29)
at com.Shanon.pages.HomePage.LeadsTab(HomePage.java:29)
at com.Shanon.pages.HomePage.LeadsTab(HomePage.java:29)
at com.Shanon.pages.HomePage.LeadsTab(HomePage.java:29)
at com.Shanon.pages.HomePage.LeadsTab(HomePage.java:29)
at com.Shanon.pages.HomePage.LeadsTab(HomePage.java:29)
at com.Shanon.pages.HomePage.LeadsTab(HomePage.java:29)
at com.Shanon.pages.HomePage.LeadsTab(HomePage.java:29)
at com.Shanon.pages.HomePage.LeadsTab(HomePage.java:29)
at com.Shanon.pages.HomePage.LeadsTab(HomePage.java:29)
at com.Shanon.pages.HomePage.LeadsTab(HomePage.java:29)
at com.Shanon.pages.HomePage.LeadsTab(HomePage.java:29)
at com.Shanon.pages.HomePage.LeadsTab(HomePage.java:29)
at com.Shanon.pages.HomePage.LeadsTab(HomePage.java:29)
at com.Shanon.pages.HomePage.LeadsTab(HomePage.java:29)
at com.Shanon.pages.HomePage.LeadsTab(HomePage.java:29)
at com.Shanon.pages.HomePage.LeadsTab(HomePage.java:29)
at com.Shanon.pages.HomePage.LeadsTab(HomePage.java:29)
at com.Shanon.pages.HomePage.LeadsTab(HomePage.java:29)
at com.Shanon.pages.HomePage.LeadsTab(HomePage.java:29)
at com.Shanon.pages.HomePage.LeadsTab(HomePage.java:29)
at com.Shanon.pages.HomePage.LeadsTab(HomePage.java:29)
at com.Shanon.pages.HomePage.LeadsTab(HomePage.java:29)
at com.Shanon.pages.HomePage.LeadsTab(HomePage.java:29)
at com.Shanon.pages.HomePage.LeadsTab(HomePage.java:29)
at com.Shanon.pages.HomePage.LeadsTab(HomePage.java:29)
at com.Shanon.pages.HomePage.LeadsTab(HomePage.java:29)
at com.Shanon.pages.HomePage.LeadsTab(HomePage.java:29)
at com.Shanon.pages.HomePage.LeadsTab(HomePage.java:29)
at com.Shanon.pages.HomePage.LeadsTab(HomePage.java:29)
at com.Shanon.pages.HomePage.LeadsTab(HomePage.java:29)
at com.Shanon.pages.HomePage.LeadsTab(HomePage.java:29)
at com.Shanon.pages.HomePage.LeadsTab(HomePage.java:29)
at com.Shanon.pages.HomePage.LeadsTab(HomePage.java:29)
at com.Shanon.pages.HomePage.LeadsTab(HomePage.java:29)
at com.Shanon.pages.HomePage.LeadsTab(HomePage.java:29)
at com.Shanon.pages.HomePage.LeadsTab(HomePage.java:29)
at com.Shanon.pages.HomePage.LeadsTab(HomePage.java:29)
at com.Shanon.pages.HomePage.LeadsTab(HomePage.java:29)
at com.Shanon.pages.HomePage.LeadsTab(HomePage.java:29)
at com.Shanon.pages.HomePage.LeadsTab(HomePage.java:29)
at com.Shanon.pages.HomePage.LeadsTab(HomePage.java:29)
at com.Shanon.pages.HomePage.LeadsTab(HomePage.java:29)
at com.Shanon.pages.HomePage.LeadsTab(HomePage.java:29)
at com.Shanon.pages.HomePage.LeadsTab(HomePage.java:29)
at com.Shanon.pages.HomePage.LeadsTab(HomePage.java:29)
at com.Shanon.pages.HomePage.LeadsTab(HomePage.java:29)
at com.Shanon.pages.HomePage.LeadsTab(HomePage.java:29)
at com.Shanon.pages.HomePage.LeadsTab(HomePage.java:29)
at com.Shanon.pages.HomePage.LeadsTab(HomePage.java:29)
at com.Shanon.pages.HomePage.LeadsTab(HomePage.java:29)
at com.Shanon.pages.HomePage.LeadsTab(HomePage.java:29)
at com.Shanon.pages.HomePage.LeadsTab(HomePage.java:29)
at com.Shanon.pages.HomePage.LeadsTab(HomePage.java:29)
at com.Shanon.pages.HomePage.LeadsTab(HomePage.java:29)
at com.Shanon.pages.HomePage.LeadsTab(HomePage.java:29)
at com.Shanon.pages.HomePage.LeadsTab(HomePage.java:29)
at com.Shanon.pages.HomePage.LeadsTab(HomePage.java:29)
at com.Shanon.pages.HomePage.LeadsTab(HomePage.java:29)
at com.Shanon.pages.HomePage.LeadsTab(HomePage.java:29)
at com.Shanon.pages.HomePage.LeadsTab(HomePage.java:29)
at com.Shanon.pages.HomePage.LeadsTab(HomePage.java:29)
at com.Shanon.pages.HomePage.LeadsTab(HomePage.java:29)
at com.Shanon.pages.HomePage.LeadsTab(HomePage.java:29)
at com.Shanon.pages.HomePage.LeadsTab(HomePage.java:29)
at com.Shanon.pages.HomePage.LeadsTab(HomePage.java:29)
at com.Shanon.pages.HomePage.LeadsTab(HomePage.java:29)
at com.Shanon.pages.HomePage.LeadsTab(HomePage.java:29)
at com.Shanon.pages.HomePage.LeadsTab(HomePage.java:29)
at com.Shanon.pages.HomePage.LeadsTab(HomePage.java:29)
at com.Shanon.pages.HomePage.LeadsTab(HomePage.java:29)
at com.Shanon.pages.HomePage.LeadsTab(HomePage.java:29)
at com.Shanon.pages.HomePage.LeadsTab(HomePage.java:29)
at com.Shanon.pages.HomePage.LeadsTab(HomePage.java:29)
at com.Shanon.pages.HomePage.LeadsTab(HomePage.java:29)
at com.Shanon.pages.HomePage.LeadsTab(HomePage.java:29)
at com.Shanon.pages.HomePage.LeadsTab(HomePage.java:29)
at com.Shanon.pages.HomePage.LeadsTab(HomePage.java:29)
at com.Shanon.pages.HomePage.LeadsTab(HomePage.java:29)
at com.Shanon.pages.HomePage.LeadsTab(HomePage.java:29)
at com.Shanon.pages.HomePage.LeadsTab(HomePage.java:29)
at com.Shanon.pages.HomePage.LeadsTab(HomePage.java:29)
at com.Shanon.pages.HomePage.LeadsTab(HomePage.java:29)
at com.Shanon.pages.HomePage.LeadsTab(HomePage.java:29)
at com.Shanon.pages.HomePage.LeadsTab(HomePage.java:29)
at com.Shanon.pages.HomePage.LeadsTab(HomePage.java:29)
at com.Shanon.pages.HomePage.LeadsTab(HomePage.java:29)
at com.Shanon.pages.HomePage.LeadsTab(HomePage.java:29)
at com.Shanon.pages.HomePage.LeadsTab(HomePage.java:29)
at com.Shanon.pages.HomePage.LeadsTab(HomePage.java:29)
at com.Shanon.pages.HomePage.LeadsTab(HomePage.java:29)
at com.Shanon.pages.HomePage.LeadsTab(HomePage.java:29)
at com.Shanon.pages.HomePage.LeadsTab(HomePage.java:29)
at com.Shanon.pages.HomePage.LeadsTab(HomePage.java:29)
at com.Shanon.pages.HomePage.LeadsTab(HomePage.java:29)
at com.Shanon.pages.HomePage.LeadsTab(HomePage.java:29)
at com.Shanon.pages.HomePage.LeadsTab(HomePage.java:29)
at com.Shanon.pages.HomePage.LeadsTab(HomePage.java:29)
at com.Shanon.pages.HomePage.LeadsTab(HomePage.java:29)
at com.Shanon.pages.HomePage.LeadsTab(HomePage.java:29)
at com.Shanon.pages.HomePage.LeadsTab(HomePage.java:29)
at com.Shanon.pages.HomePage.LeadsTab(HomePage.java:29)
at com.Shanon.pages.HomePage.LeadsTab(HomePage.java:29)
at com.Shanon.pages.HomePage.LeadsTab(HomePage.java:29)
at com.Shanon.pages.HomePage.LeadsTab(HomePage.java:29)
at com.Shanon.pages.HomePage.LeadsTab(HomePage.java:29)
at com.Shanon.pages.HomePage.LeadsTab(HomePage.java:29)
at com.Shanon.pages.HomePage.LeadsTab(HomePage.java:29)
at com.Shanon.pages.HomePage.LeadsTab(HomePage.java:29)
at com.Shanon.pages.HomePage.LeadsTab(HomePage.java:29)
at com.Shanon.pages.HomePage.LeadsTab(HomePage.java:29)
at com.Shanon.pages.HomePage.LeadsTab(HomePage.java:29)
at com.Shanon.pages.HomePage.LeadsTab(HomePage.java:29)
at com.Shanon.pages.HomePage.LeadsTab(HomePage.java:29)
at com.Shanon.pages.HomePage.LeadsTab(HomePage.java:29)
at com.Shanon.pages.HomePage.LeadsTab(HomePage.java:29)
at com.Shanon.pages.HomePage.LeadsTab(HomePage.java:29)
at com.Shanon.pages.HomePage.LeadsTab(HomePage.java:29)
at com.Shanon.pages.HomePage.LeadsTab(HomePage.java:29)
at com.Shanon.pages.HomePage.LeadsTab(HomePage.java:29)
at com.Shanon.pages.HomePage.LeadsTab(HomePage.java:29)
at com.Shanon.pages.HomePage.LeadsTab(HomePage.java:29)
at com.Shanon.pages.HomePage.LeadsTab(HomePage.java:29)
at com.Shanon.pages.HomePage.LeadsTab(HomePage.java:29)
at com.Shanon.pages.HomePage.LeadsTab(HomePage.java:29)
at com.Shanon.pages.HomePage.LeadsTab(HomePage.java:29)
at com.Shanon.pages.HomePage.LeadsTab(HomePage.java:29)
at com.Shanon.pages.HomePage.LeadsTab(HomePage.java:29)
at com.Shanon.pages.HomePage.LeadsTab(HomePage.java:29)
at com.Shanon.pages.HomePage.LeadsTab(HomePage.java:29)
at com.Shanon.pages.HomePage.LeadsTab(HomePage.java:29)
at com.Shanon.pages.HomePage.LeadsTab(HomePage.java:29)
at com.Shanon.pages.HomePage.LeadsTab(HomePage.java:29)
at com.Shanon.pages.HomePage.LeadsTab(HomePage.java:29)
at com.Shanon.pages.HomePage.LeadsTab(HomePage.java:29)
]]>
    </error>
  </testcase> <!-- createNewLeadTest -->
  <system-out>
    <![CDATA[createNewLeadTest method started
CRM HOME PAGE is Displayed
createNewLeadTest method FAILED]]>
  </system-out>
</testsuite> <!-- com.Shanon.Leads.VerifyLeadCreation -->
