<?xml version="1.0" encoding="UTF-8"?>
<!-- Generated by org.testng.reporters.JUnitReportReporter -->
<testsuite hostname="LAPTOP-FUQ7CI23" failures="0" tests="1" name="com.Shanon.Leads.VerifyLeads" time="0.557" errors="1" timestamp="2022-06-15T01:12:01 IST" skipped="0">
  <testcase classname="com.Shanon.Leads.VerifyLeads" name="verifyLeadsTabTest" time="0.557">
    <error type="java.lang.StackOverflowError">
      <![CDATA[java.lang.StackOverflowError
at com.Shanon.pages.HomePage.LeadsTab(HomePage.java:29)
at com.Shanon.pages.HomePage.LeadsTab(HomePage.java:29)
at com.Shanon.pages.HomePage.LeadsTab(HomePage.java:29)
at com.Shanon.pages.HomePage.LeadsTab(HomePage.java:29)
at com.Shanon.pages.HomePage.LeadsTab(HomePage.java:29)
at com.Shanon.pages.HomePage.LeadsTab(HomePage.java:29)
at com.Shanon.pages.HomePage.LeadsTab(HomePage.java:29)
at com.Shanon.pages.HomePage.LeadsTab(HomePage.java:29)
at com.Shanon.pages.HomePage.LeadsTab(HomePage.java:29)
at com.Shanon.pages.HomePage.LeadsTab(HomePage.java:29)
at com.Shanon.pages.HomePage.LeadsTab(HomePage.java:29)
at com.Shanon.pages.HomePage.LeadsTab(HomePage.java:29)
at com.Shanon.pages.HomePage.LeadsTab(HomePage.java:29)
at com.Shanon.pages.HomePage.LeadsTab(HomePage.java:29)
at com.Shanon.pages.HomePage.LeadsTab(HomePage.java:29)
at com.Shanon.pages.HomePage.LeadsTab(HomePage.java:29)
at com.Shanon.pages.HomePage.LeadsTab(HomePage.java:29)
at com.Shanon.pages.HomePage.LeadsTab(HomePage.java:29)
at com.Shanon.pages.HomePage.LeadsTab(HomePage.java:29)
at com.Shanon.pages.HomePage.LeadsTab(HomePage.java:29)
at com.Shanon.pages.HomePage.LeadsTab(HomePage.java:29)
at com.Shanon.pages.HomePage.LeadsTab(HomePage.java:29)
at com.Shanon.pages.HomePage.LeadsTab(HomePage.java:29)
at com.Shanon.pages.HomePage.LeadsTab(HomePage.java:29)
at com.Shanon.pages.HomePage.LeadsTab(HomePage.java:29)
at com.Shanon.pages.HomePage.LeadsTab(HomePage.java:29)
at com.Shanon.pages.HomePage.LeadsTab(HomePage.java:29)
at com.Shanon.pages.HomePage.LeadsTab(HomePage.java:29)
at com.Shanon.pages.HomePage.LeadsTab(HomePage.java:29)
at com.Shanon.pages.HomePage.LeadsTab(HomePage.java:29)
at com.Shanon.pages.HomePage.LeadsTab(HomePage.java:29)
at com.Shanon.pages.HomePage.LeadsTab(HomePage.java:29)
at com.Shanon.pages.HomePage.LeadsTab(HomePage.java:29)
at com.Shanon.pages.HomePage.LeadsTab(HomePage.java:29)
at com.Shanon.pages.HomePage.LeadsTab(HomePage.java:29)
at com.Shanon.pages.HomePage.LeadsTab(HomePage.java:29)
at com.Shanon.pages.HomePage.LeadsTab(HomePage.java:29)
at com.Shanon.pages.HomePage.LeadsTab(HomePage.java:29)
at com.Shanon.pages.HomePage.LeadsTab(HomePage.java:29)
at com.Shanon.pages.HomePage.LeadsTab(HomePage.java:29)
at com.Shanon.pages.HomePage.LeadsTab(HomePage.java:29)
at com.Shanon.pages.HomePage.LeadsTab(HomePage.java:29)
at com.Shanon.pages.HomePage.LeadsTab(HomePage.java:29)
at com.Shanon.pages.HomePage.LeadsTab(HomePage.java:29)
at com.Shanon.pages.HomePage.LeadsTab(HomePage.java:29)
at com.Shanon.pages.HomePage.LeadsTab(HomePage.java:29)
at com.Shanon.pages.HomePage.LeadsTab(HomePage.java:29)
at com.Shanon.pages.HomePage.LeadsTab(HomePage.java:29)
at com.Shanon.pages.HomePage.LeadsTab(HomePage.java:29)
at com.Shanon.pages.HomePage.LeadsTab(HomePage.java:29)
at com.Shanon.pages.HomePage.LeadsTab(HomePage.java:29)
at com.Shanon.pages.HomePage.LeadsTab(HomePage.java:29)
at com.Shanon.pages.HomePage.LeadsTab(HomePage.java:29)
at com.Shanon.pages.HomePage.LeadsTab(HomePage.java:29)
at com.Shanon.pages.HomePage.LeadsTab(HomePage.java:29)
at com.Shanon.pages.HomePage.LeadsTab(HomePage.java:29)
at com.Shanon.pages.HomePage.LeadsTab(HomePage.java:29)
at com.Shanon.pages.HomePage.LeadsTab(HomePage.java:29)
at com.Shanon.pages.HomePage.LeadsTab(HomePage.java:29)
at com.Shanon.pages.HomePage.LeadsTab(HomePage.java:29)
at com.Shanon.pages.HomePage.LeadsTab(HomePage.java:29)
at com.Shanon.pages.HomePage.LeadsTab(HomePage.java:29)
at com.Shanon.pages.HomePage.LeadsTab(HomePage.java:29)
at com.Shanon.pages.HomePage.LeadsTab(HomePage.java:29)
at com.Shanon.pages.HomePage.LeadsTab(HomePage.java:29)
at com.Shanon.pages.HomePage.LeadsTab(HomePage.java:29)
at com.Shanon.pages.HomePage.LeadsTab(HomePage.java:29)
at com.Shanon.pages.HomePage.LeadsTab(HomePage.java:29)
at com.Shanon.pages.HomePage.LeadsTab(HomePage.java:29)
at com.Shanon.pages.HomePage.LeadsTab(HomePage.java:29)
at com.Shanon.pages.HomePage.LeadsTab(HomePage.java:29)
at com.Shanon.pages.HomePage.LeadsTab(HomePage.java:29)
at com.Shanon.pages.HomePage.LeadsTab(HomePage.java:29)
at com.Shanon.pages.HomePage.LeadsTab(HomePage.java:29)
at com.Shanon.pages.HomePage.LeadsTab(HomePage.java:29)
at com.Shanon.pages.HomePage.LeadsTab(HomePage.java:29)
at com.Shanon.pages.HomePage.LeadsTab(HomePage.java:29)
at com.Shanon.pages.HomePage.LeadsTab(HomePage.java:29)
at com.Shanon.pages.HomePage.LeadsTab(HomePage.java:29)
at com.Shanon.pages.HomePage.LeadsTab(HomePage.java:29)
at com.Shanon.pages.HomePage.LeadsTab(HomePage.java:29)
at com.Shanon.pages.HomePage.LeadsTab(HomePage.java:29)
at com.Shanon.pages.HomePage.LeadsTab(HomePage.java:29)
at com.Shanon.pages.HomePage.LeadsTab(HomePage.java:29)
at com.Shanon.pages.HomePage.LeadsTab(HomePage.java:29)
at com.Shanon.pages.HomePage.LeadsTab(HomePage.java:29)
at com.Shanon.pages.HomePage.LeadsTab(HomePage.java:29)
at com.Shanon.pages.HomePage.LeadsTab(HomePage.java:29)
at com.Shanon.pages.HomePage.LeadsTab(HomePage.java:29)
at com.Shanon.pages.HomePage.LeadsTab(HomePage.java:29)
at com.Shanon.pages.HomePage.LeadsTab(HomePage.java:29)
at com.Shanon.pages.HomePage.LeadsTab(HomePage.java:29)
at com.Shanon.pages.HomePage.LeadsTab(HomePage.java:29)
at com.Shanon.pages.HomePage.LeadsTab(HomePage.java:29)
at com.Shanon.pages.HomePage.LeadsTab(HomePage.java:29)
at com.Shanon.pages.HomePage.LeadsTab(HomePage.java:29)
at com.Shanon.pages.HomePage.LeadsTab(HomePage.java:29)
at com.Shanon.pages.HomePage.LeadsTab(HomePage.java:29)
at com.Shanon.pages.HomePage.LeadsTab(HomePage.java:29)
at com.Shanon.pages.HomePage.LeadsTab(HomePage.java:29)
at com.Shanon.pages.HomePage.LeadsTab(HomePage.java:29)
at com.Shanon.pages.HomePage.LeadsTab(HomePage.java:29)
at com.Shanon.pages.HomePage.LeadsTab(HomePage.java:29)
at com.Shanon.pages.HomePage.LeadsTab(HomePage.java:29)
at com.Shanon.pages.HomePage.LeadsTab(HomePage.java:29)
at com.Shanon.pages.HomePage.LeadsTab(HomePage.java:29)
at com.Shanon.pages.HomePage.LeadsTab(HomePage.java:29)
at com.Shanon.pages.HomePage.LeadsTab(HomePage.java:29)
at com.Shanon.pages.HomePage.LeadsTab(HomePage.java:29)
at com.Shanon.pages.HomePage.LeadsTab(HomePage.java:29)
at com.Shanon.pages.HomePage.LeadsTab(HomePage.java:29)
at com.Shanon.pages.HomePage.LeadsTab(HomePage.java:29)
at com.Shanon.pages.HomePage.LeadsTab(HomePage.java:29)
at com.Shanon.pages.HomePage.LeadsTab(HomePage.java:29)
at com.Shanon.pages.HomePage.LeadsTab(HomePage.java:29)
at com.Shanon.pages.HomePage.LeadsTab(HomePage.java:29)
at com.Shanon.pages.HomePage.LeadsTab(HomePage.java:29)
at com.Shanon.pages.HomePage.LeadsTab(HomePage.java:29)
at com.Shanon.pages.HomePage.LeadsTab(HomePage.java:29)
at com.Shanon.pages.HomePage.LeadsTab(HomePage.java:29)
at com.Shanon.pages.HomePage.LeadsTab(HomePage.java:29)
at com.Shanon.pages.HomePage.LeadsTab(HomePage.java:29)
at com.Shanon.pages.HomePage.LeadsTab(HomePage.java:29)
at com.Shanon.pages.HomePage.LeadsTab(HomePage.java:29)
at com.Shanon.pages.HomePage.LeadsTab(HomePage.java:29)
at com.Shanon.pages.HomePage.LeadsTab(HomePage.java:29)
at com.Shanon.pages.HomePage.LeadsTab(HomePage.java:29)
at com.Shanon.pages.HomePage.LeadsTab(HomePage.java:29)
at com.Shanon.pages.HomePage.LeadsTab(HomePage.java:29)
at com.Shanon.pages.HomePage.LeadsTab(HomePage.java:29)
at com.Shanon.pages.HomePage.LeadsTab(HomePage.java:29)
at com.Shanon.pages.HomePage.LeadsTab(HomePage.java:29)
at com.Shanon.pages.HomePage.LeadsTab(HomePage.java:29)
at com.Shanon.pages.HomePage.LeadsTab(HomePage.java:29)
at com.Shanon.pages.HomePage.LeadsTab(HomePage.java:29)
at com.Shanon.pages.HomePage.LeadsTab(HomePage.java:29)
at com.Shanon.pages.HomePage.LeadsTab(HomePage.java:29)
at com.Shanon.pages.HomePage.LeadsTab(HomePage.java:29)
at com.Shanon.pages.HomePage.LeadsTab(HomePage.java:29)
at com.Shanon.pages.HomePage.LeadsTab(HomePage.java:29)
at com.Shanon.pages.HomePage.LeadsTab(HomePage.java:29)
at com.Shanon.pages.HomePage.LeadsTab(HomePage.java:29)
at com.Shanon.pages.HomePage.LeadsTab(HomePage.java:29)
at com.Shanon.pages.HomePage.LeadsTab(HomePage.java:29)
at com.Shanon.pages.HomePage.LeadsTab(HomePage.java:29)
at com.Shanon.pages.HomePage.LeadsTab(HomePage.java:29)
at com.Shanon.pages.HomePage.LeadsTab(HomePage.java:29)
at com.Shanon.pages.HomePage.LeadsTab(HomePage.java:29)
at com.Shanon.pages.HomePage.LeadsTab(HomePage.java:29)
at com.Shanon.pages.HomePage.LeadsTab(HomePage.java:29)
at com.Shanon.pages.HomePage.LeadsTab(HomePage.java:29)
at com.Shanon.pages.HomePage.LeadsTab(HomePage.java:29)
at com.Shanon.pages.HomePage.LeadsTab(HomePage.java:29)
at com.Shanon.pages.HomePage.LeadsTab(HomePage.java:29)
at com.Shanon.pages.HomePage.LeadsTab(HomePage.java:29)
at com.Shanon.pages.HomePage.LeadsTab(HomePage.java:29)
at com.Shanon.pages.HomePage.LeadsTab(HomePage.java:29)
at com.Shanon.pages.HomePage.LeadsTab(HomePage.java:29)
at com.Shanon.pages.HomePage.LeadsTab(HomePage.java:29)
at com.Shanon.pages.HomePage.LeadsTab(HomePage.java:29)
at com.Shanon.pages.HomePage.LeadsTab(HomePage.java:29)
at com.Shanon.pages.HomePage.LeadsTab(HomePage.java:29)
at com.Shanon.pages.HomePage.LeadsTab(HomePage.java:29)
at com.Shanon.pages.HomePage.LeadsTab(HomePage.java:29)
at com.Shanon.pages.HomePage.LeadsTab(HomePage.java:29)
at com.Shanon.pages.HomePage.LeadsTab(HomePage.java:29)
at com.Shanon.pages.HomePage.LeadsTab(HomePage.java:29)
at com.Shanon.pages.HomePage.LeadsTab(HomePage.java:29)
at com.Shanon.pages.HomePage.LeadsTab(HomePage.java:29)
at com.Shanon.pages.HomePage.LeadsTab(HomePage.java:29)
at com.Shanon.pages.HomePage.LeadsTab(HomePage.java:29)
at com.Shanon.pages.HomePage.LeadsTab(HomePage.java:29)
at com.Shanon.pages.HomePage.LeadsTab(HomePage.java:29)
at com.Shanon.pages.HomePage.LeadsTab(HomePage.java:29)
at com.Shanon.pages.HomePage.LeadsTab(HomePage.java:29)
at com.Shanon.pages.HomePage.LeadsTab(HomePage.java:29)
at com.Shanon.pages.HomePage.LeadsTab(HomePage.java:29)
at com.Shanon.pages.HomePage.LeadsTab(HomePage.java:29)
at com.Shanon.pages.HomePage.LeadsTab(HomePage.java:29)
at com.Shanon.pages.HomePage.LeadsTab(HomePage.java:29)
at com.Shanon.pages.HomePage.LeadsTab(HomePage.java:29)
at com.Shanon.pages.HomePage.LeadsTab(HomePage.java:29)
at com.Shanon.pages.HomePage.LeadsTab(HomePage.java:29)
at com.Shanon.pages.HomePage.LeadsTab(HomePage.java:29)
at com.Shanon.pages.HomePage.LeadsTab(HomePage.java:29)
at com.Shanon.pages.HomePage.LeadsTab(HomePage.java:29)
at com.Shanon.pages.HomePage.LeadsTab(HomePage.java:29)
at com.Shanon.pages.HomePage.LeadsTab(HomePage.java:29)
at com.Shanon.pages.HomePage.LeadsTab(HomePage.java:29)
at com.Shanon.pages.HomePage.LeadsTab(HomePage.java:29)
at com.Shanon.pages.HomePage.LeadsTab(HomePage.java:29)
at com.Shanon.pages.HomePage.LeadsTab(HomePage.java:29)
at com.Shanon.pages.HomePage.LeadsTab(HomePage.java:29)
at com.Shanon.pages.HomePage.LeadsTab(HomePage.java:29)
at com.Shanon.pages.HomePage.LeadsTab(HomePage.java:29)
at com.Shanon.pages.HomePage.LeadsTab(HomePage.java:29)
at com.Shanon.pages.HomePage.LeadsTab(HomePage.java:29)
at com.Shanon.pages.HomePage.LeadsTab(HomePage.java:29)
at com.Shanon.pages.HomePage.LeadsTab(HomePage.java:29)
at com.Shanon.pages.HomePage.LeadsTab(HomePage.java:29)
at com.Shanon.pages.HomePage.LeadsTab(HomePage.java:29)
at com.Shanon.pages.HomePage.LeadsTab(HomePage.java:29)
at com.Shanon.pages.HomePage.LeadsTab(HomePage.java:29)
at com.Shanon.pages.HomePage.LeadsTab(HomePage.java:29)
at com.Shanon.pages.HomePage.LeadsTab(HomePage.java:29)
at com.Shanon.pages.HomePage.LeadsTab(HomePage.java:29)
at com.Shanon.pages.HomePage.LeadsTab(HomePage.java:29)
at com.Shanon.pages.HomePage.LeadsTab(HomePage.java:29)
at com.Shanon.pages.HomePage.LeadsTab(HomePage.java:29)
at com.Shanon.pages.HomePage.LeadsTab(HomePage.java:29)
at com.Shanon.pages.HomePage.LeadsTab(HomePage.java:29)
at com.Shanon.pages.HomePage.LeadsTab(HomePage.java:29)
at com.Shanon.pages.HomePage.LeadsTab(HomePage.java:29)
at com.Shanon.pages.HomePage.LeadsTab(HomePage.java:29)
at com.Shanon.pages.HomePage.LeadsTab(HomePage.java:29)
at com.Shanon.pages.HomePage.LeadsTab(HomePage.java:29)
at com.Shanon.pages.HomePage.LeadsTab(HomePage.java:29)
at com.Shanon.pages.HomePage.LeadsTab(HomePage.java:29)
at com.Shanon.pages.HomePage.LeadsTab(HomePage.java:29)
at com.Shanon.pages.HomePage.LeadsTab(HomePage.java:29)
at com.Shanon.pages.HomePage.LeadsTab(HomePage.java:29)
at com.Shanon.pages.HomePage.LeadsTab(HomePage.java:29)
at com.Shanon.pages.HomePage.LeadsTab(HomePage.java:29)
at com.Shanon.pages.HomePage.LeadsTab(HomePage.java:29)
at com.Shanon.pages.HomePage.LeadsTab(HomePage.java:29)
at com.Shanon.pages.HomePage.LeadsTab(HomePage.java:29)
at com.Shanon.pages.HomePage.LeadsTab(HomePage.java:29)
at com.Shanon.pages.HomePage.LeadsTab(HomePage.java:29)
at com.Shanon.pages.HomePage.LeadsTab(HomePage.java:29)
at com.Shanon.pages.HomePage.LeadsTab(HomePage.java:29)
at com.Shanon.pages.HomePage.LeadsTab(HomePage.java:29)
at com.Shanon.pages.HomePage.LeadsTab(HomePage.java:29)
at com.Shanon.pages.HomePage.LeadsTab(HomePage.java:29)
at com.Shanon.pages.HomePage.LeadsTab(HomePage.java:29)
at com.Shanon.pages.HomePage.LeadsTab(HomePage.java:29)
at com.Shanon.pages.HomePage.LeadsTab(HomePage.java:29)
at com.Shanon.pages.HomePage.LeadsTab(HomePage.java:29)
at com.Shanon.pages.HomePage.LeadsTab(HomePage.java:29)
at com.Shanon.pages.HomePage.LeadsTab(HomePage.java:29)
at com.Shanon.pages.HomePage.LeadsTab(HomePage.java:29)
at com.Shanon.pages.HomePage.LeadsTab(HomePage.java:29)
at com.Shanon.pages.HomePage.LeadsTab(HomePage.java:29)
at com.Shanon.pages.HomePage.LeadsTab(HomePage.java:29)
at com.Shanon.pages.HomePage.LeadsTab(HomePage.java:29)
at com.Shanon.pages.HomePage.LeadsTab(HomePage.java:29)
at com.Shanon.pages.HomePage.LeadsTab(HomePage.java:29)
at com.Shanon.pages.HomePage.LeadsTab(HomePage.java:29)
at com.Shanon.pages.HomePage.LeadsTab(HomePage.java:29)
at com.Shanon.pages.HomePage.LeadsTab(HomePage.java:29)
at com.Shanon.pages.HomePage.LeadsTab(HomePage.java:29)
at com.Shanon.pages.HomePage.LeadsTab(HomePage.java:29)
at com.Shanon.pages.HomePage.LeadsTab(HomePage.java:29)
at com.Shanon.pages.HomePage.LeadsTab(HomePage.java:29)
at com.Shanon.pages.HomePage.LeadsTab(HomePage.java:29)
at com.Shanon.pages.HomePage.LeadsTab(HomePage.java:29)
at com.Shanon.pages.HomePage.LeadsTab(HomePage.java:29)
at com.Shanon.pages.HomePage.LeadsTab(HomePage.java:29)
at com.Shanon.pages.HomePage.LeadsTab(HomePage.java:29)
at com.Shanon.pages.HomePage.LeadsTab(HomePage.java:29)
at com.Shanon.pages.HomePage.LeadsTab(HomePage.java:29)
at com.Shanon.pages.HomePage.LeadsTab(HomePage.java:29)
at com.Shanon.pages.HomePage.LeadsTab(HomePage.java:29)
at com.Shanon.pages.HomePage.LeadsTab(HomePage.java:29)
at com.Shanon.pages.HomePage.LeadsTab(HomePage.java:29)
at com.Shanon.pages.HomePage.LeadsTab(HomePage.java:29)
at com.Shanon.pages.HomePage.LeadsTab(HomePage.java:29)
at com.Shanon.pages.HomePage.LeadsTab(HomePage.java:29)
at com.Shanon.pages.HomePage.LeadsTab(HomePage.java:29)
at com.Shanon.pages.HomePage.LeadsTab(HomePage.java:29)
at com.Shanon.pages.HomePage.LeadsTab(HomePage.java:29)
at com.Shanon.pages.HomePage.LeadsTab(HomePage.java:29)
at com.Shanon.pages.HomePage.LeadsTab(HomePage.java:29)
at com.Shanon.pages.HomePage.LeadsTab(HomePage.java:29)
at com.Shanon.pages.HomePage.LeadsTab(HomePage.java:29)
at com.Shanon.pages.HomePage.LeadsTab(HomePage.java:29)
at com.Shanon.pages.HomePage.LeadsTab(HomePage.java:29)
at com.Shanon.pages.HomePage.LeadsTab(HomePage.java:29)
at com.Shanon.pages.HomePage.LeadsTab(HomePage.java:29)
at com.Shanon.pages.HomePage.LeadsTab(HomePage.java:29)
at com.Shanon.pages.HomePage.LeadsTab(HomePage.java:29)
at com.Shanon.pages.HomePage.LeadsTab(HomePage.java:29)
at com.Shanon.pages.HomePage.LeadsTab(HomePage.java:29)
at com.Shanon.pages.HomePage.LeadsTab(HomePage.java:29)
at com.Shanon.pages.HomePage.LeadsTab(HomePage.java:29)
at com.Shanon.pages.HomePage.LeadsTab(HomePage.java:29)
at com.Shanon.pages.HomePage.LeadsTab(HomePage.java:29)
at com.Shanon.pages.HomePage.LeadsTab(HomePage.java:29)
at com.Shanon.pages.HomePage.LeadsTab(HomePage.java:29)
at com.Shanon.pages.HomePage.LeadsTab(HomePage.java:29)
at com.Shanon.pages.HomePage.LeadsTab(HomePage.java:29)
at com.Shanon.pages.HomePage.LeadsTab(HomePage.java:29)
at com.Shanon.pages.HomePage.LeadsTab(HomePage.java:29)
at com.Shanon.pages.HomePage.LeadsTab(HomePage.java:29)
at com.Shanon.pages.HomePage.LeadsTab(HomePage.java:29)
at com.Shanon.pages.HomePage.LeadsTab(HomePage.java:29)
at com.Shanon.pages.HomePage.LeadsTab(HomePage.java:29)
at com.Shanon.pages.HomePage.LeadsTab(HomePage.java:29)
at com.Shanon.pages.HomePage.LeadsTab(HomePage.java:29)
at com.Shanon.pages.HomePage.LeadsTab(HomePage.java:29)
at com.Shanon.pages.HomePage.LeadsTab(HomePage.java:29)
at com.Shanon.pages.HomePage.LeadsTab(HomePage.java:29)
at com.Shanon.pages.HomePage.LeadsTab(HomePage.java:29)
at com.Shanon.pages.HomePage.LeadsTab(HomePage.java:29)
at com.Shanon.pages.HomePage.LeadsTab(HomePage.java:29)
at com.Shanon.pages.HomePage.LeadsTab(HomePage.java:29)
at com.Shanon.pages.HomePage.LeadsTab(HomePage.java:29)
at com.Shanon.pages.HomePage.LeadsTab(HomePage.java:29)
at com.Shanon.pages.HomePage.LeadsTab(HomePage.java:29)
at com.Shanon.pages.HomePage.LeadsTab(HomePage.java:29)
at com.Shanon.pages.HomePage.LeadsTab(HomePage.java:29)
at com.Shanon.pages.HomePage.LeadsTab(HomePage.java:29)
at com.Shanon.pages.HomePage.LeadsTab(HomePage.java:29)
at com.Shanon.pages.HomePage.LeadsTab(HomePage.java:29)
at com.Shanon.pages.HomePage.LeadsTab(HomePage.java:29)
at com.Shanon.pages.HomePage.LeadsTab(HomePage.java:29)
at com.Shanon.pages.HomePage.LeadsTab(HomePage.java:29)
at com.Shanon.pages.HomePage.LeadsTab(HomePage.java:29)
at com.Shanon.pages.HomePage.LeadsTab(HomePage.java:29)
at com.Shanon.pages.HomePage.LeadsTab(HomePage.java:29)
at com.Shanon.pages.HomePage.LeadsTab(HomePage.java:29)
at com.Shanon.pages.HomePage.LeadsTab(HomePage.java:29)
at com.Shanon.pages.HomePage.LeadsTab(HomePage.java:29)
at com.Shanon.pages.HomePage.LeadsTab(HomePage.java:29)
at com.Shanon.pages.HomePage.LeadsTab(HomePage.java:29)
at com.Shanon.pages.HomePage.LeadsTab(HomePage.java:29)
at com.Shanon.pages.HomePage.LeadsTab(HomePage.java:29)
at com.Shanon.pages.HomePage.LeadsTab(HomePage.java:29)
at com.Shanon.pages.HomePage.LeadsTab(HomePage.java:29)
at com.Shanon.pages.HomePage.LeadsTab(HomePage.java:29)
at com.Shanon.pages.HomePage.LeadsTab(HomePage.java:29)
at com.Shanon.pages.HomePage.LeadsTab(HomePage.java:29)
at com.Shanon.pages.HomePage.LeadsTab(HomePage.java:29)
at com.Shanon.pages.HomePage.LeadsTab(HomePage.java:29)
at com.Shanon.pages.HomePage.LeadsTab(HomePage.java:29)
at com.Shanon.pages.HomePage.LeadsTab(HomePage.java:29)
at com.Shanon.pages.HomePage.LeadsTab(HomePage.java:29)
at com.Shanon.pages.HomePage.LeadsTab(HomePage.java:29)
at com.Shanon.pages.HomePage.LeadsTab(HomePage.java:29)
at com.Shanon.pages.HomePage.LeadsTab(HomePage.java:29)
at com.Shanon.pages.HomePage.LeadsTab(HomePage.java:29)
at com.Shanon.pages.HomePage.LeadsTab(HomePage.java:29)
at com.Shanon.pages.HomePage.LeadsTab(HomePage.java:29)
at com.Shanon.pages.HomePage.LeadsTab(HomePage.java:29)
at com.Shanon.pages.HomePage.LeadsTab(HomePage.java:29)
at com.Shanon.pages.HomePage.LeadsTab(HomePage.java:29)
at com.Shanon.pages.HomePage.LeadsTab(HomePage.java:29)
at com.Shanon.pages.HomePage.LeadsTab(HomePage.java:29)
at com.Shanon.pages.HomePage.LeadsTab(HomePage.java:29)
at com.Shanon.pages.HomePage.LeadsTab(HomePage.java:29)
at com.Shanon.pages.HomePage.LeadsTab(HomePage.java:29)
at com.Shanon.pages.HomePage.LeadsTab(HomePage.java:29)
at com.Shanon.pages.HomePage.LeadsTab(HomePage.java:29)
at com.Shanon.pages.HomePage.LeadsTab(HomePage.java:29)
at com.Shanon.pages.HomePage.LeadsTab(HomePage.java:29)
at com.Shanon.pages.HomePage.LeadsTab(HomePage.java:29)
at com.Shanon.pages.HomePage.LeadsTab(HomePage.java:29)
at com.Shanon.pages.HomePage.LeadsTab(HomePage.java:29)
at com.Shanon.pages.HomePage.LeadsTab(HomePage.java:29)
at com.Shanon.pages.HomePage.LeadsTab(HomePage.java:29)
at com.Shanon.pages.HomePage.LeadsTab(HomePage.java:29)
at com.Shanon.pages.HomePage.LeadsTab(HomePage.java:29)
at com.Shanon.pages.HomePage.LeadsTab(HomePage.java:29)
at com.Shanon.pages.HomePage.LeadsTab(HomePage.java:29)
at com.Shanon.pages.HomePage.LeadsTab(HomePage.java:29)
at com.Shanon.pages.HomePage.LeadsTab(HomePage.java:29)
at com.Shanon.pages.HomePage.LeadsTab(HomePage.java:29)
at com.Shanon.pages.HomePage.LeadsTab(HomePage.java:29)
at com.Shanon.pages.HomePage.LeadsTab(HomePage.java:29)
at com.Shanon.pages.HomePage.LeadsTab(HomePage.java:29)
at com.Shanon.pages.HomePage.LeadsTab(HomePage.java:29)
at com.Shanon.pages.HomePage.LeadsTab(HomePage.java:29)
at com.Shanon.pages.HomePage.LeadsTab(HomePage.java:29)
at com.Shanon.pages.HomePage.LeadsTab(HomePage.java:29)
at com.Shanon.pages.HomePage.LeadsTab(HomePage.java:29)
at com.Shanon.pages.HomePage.LeadsTab(HomePage.java:29)
at com.Shanon.pages.HomePage.LeadsTab(HomePage.java:29)
at com.Shanon.pages.HomePage.LeadsTab(HomePage.java:29)
at com.Shanon.pages.HomePage.LeadsTab(HomePage.java:29)
at com.Shanon.pages.HomePage.LeadsTab(HomePage.java:29)
at com.Shanon.pages.HomePage.LeadsTab(HomePage.java:29)
at com.Shanon.pages.HomePage.LeadsTab(HomePage.java:29)
at com.Shanon.pages.HomePage.LeadsTab(HomePage.java:29)
at com.Shanon.pages.HomePage.LeadsTab(HomePage.java:29)
at com.Shanon.pages.HomePage.LeadsTab(HomePage.java:29)
at com.Shanon.pages.HomePage.LeadsTab(HomePage.java:29)
at com.Shanon.pages.HomePage.LeadsTab(HomePage.java:29)
at com.Shanon.pages.HomePage.LeadsTab(HomePage.java:29)
at com.Shanon.pages.HomePage.LeadsTab(HomePage.java:29)
at com.Shanon.pages.HomePage.LeadsTab(HomePage.java:29)
at com.Shanon.pages.HomePage.LeadsTab(HomePage.java:29)
at com.Shanon.pages.HomePage.LeadsTab(HomePage.java:29)
at com.Shanon.pages.HomePage.LeadsTab(HomePage.java:29)
at com.Shanon.pages.HomePage.LeadsTab(HomePage.java:29)
at com.Shanon.pages.HomePage.LeadsTab(HomePage.java:29)
at com.Shanon.pages.HomePage.LeadsTab(HomePage.java:29)
at com.Shanon.pages.HomePage.LeadsTab(HomePage.java:29)
at com.Shanon.pages.HomePage.LeadsTab(HomePage.java:29)
at com.Shanon.pages.HomePage.LeadsTab(HomePage.java:29)
at com.Shanon.pages.HomePage.LeadsTab(HomePage.java:29)
at com.Shanon.pages.HomePage.LeadsTab(HomePage.java:29)
at com.Shanon.pages.HomePage.LeadsTab(HomePage.java:29)
at com.Shanon.pages.HomePage.LeadsTab(HomePage.java:29)
at com.Shanon.pages.HomePage.LeadsTab(HomePage.java:29)
at com.Shanon.pages.HomePage.LeadsTab(HomePage.java:29)
at com.Shanon.pages.HomePage.LeadsTab(HomePage.java:29)
at com.Shanon.pages.HomePage.LeadsTab(HomePage.java:29)
at com.Shanon.pages.HomePage.LeadsTab(HomePage.java:29)
at com.Shanon.pages.HomePage.LeadsTab(HomePage.java:29)
at com.Shanon.pages.HomePage.LeadsTab(HomePage.java:29)
at com.Shanon.pages.HomePage.LeadsTab(HomePage.java:29)
at com.Shanon.pages.HomePage.LeadsTab(HomePage.java:29)
at com.Shanon.pages.HomePage.LeadsTab(HomePage.java:29)
at com.Shanon.pages.HomePage.LeadsTab(HomePage.java:29)
at com.Shanon.pages.HomePage.LeadsTab(HomePage.java:29)
at com.Shanon.pages.HomePage.LeadsTab(HomePage.java:29)
at com.Shanon.pages.HomePage.LeadsTab(HomePage.java:29)
at com.Shanon.pages.HomePage.LeadsTab(HomePage.java:29)
at com.Shanon.pages.HomePage.LeadsTab(HomePage.java:29)
at com.Shanon.pages.HomePage.LeadsTab(HomePage.java:29)
at com.Shanon.pages.HomePage.LeadsTab(HomePage.java:29)
at com.Shanon.pages.HomePage.LeadsTab(HomePage.java:29)
at com.Shanon.pages.HomePage.LeadsTab(HomePage.java:29)
at com.Shanon.pages.HomePage.LeadsTab(HomePage.java:29)
at com.Shanon.pages.HomePage.LeadsTab(HomePage.java:29)
at com.Shanon.pages.HomePage.LeadsTab(HomePage.java:29)
at com.Shanon.pages.HomePage.LeadsTab(HomePage.java:29)
at com.Shanon.pages.HomePage.LeadsTab(HomePage.java:29)
at com.Shanon.pages.HomePage.LeadsTab(HomePage.java:29)
at com.Shanon.pages.HomePage.LeadsTab(HomePage.java:29)
at com.Shanon.pages.HomePage.LeadsTab(HomePage.java:29)
at com.Shanon.pages.HomePage.LeadsTab(HomePage.java:29)
at com.Shanon.pages.HomePage.LeadsTab(HomePage.java:29)
at com.Shanon.pages.HomePage.LeadsTab(HomePage.java:29)
at com.Shanon.pages.HomePage.LeadsTab(HomePage.java:29)
at com.Shanon.pages.HomePage.LeadsTab(HomePage.java:29)
at com.Shanon.pages.HomePage.LeadsTab(HomePage.java:29)
at com.Shanon.pages.HomePage.LeadsTab(HomePage.java:29)
at com.Shanon.pages.HomePage.LeadsTab(HomePage.java:29)
at com.Shanon.pages.HomePage.LeadsTab(HomePage.java:29)
at com.Shanon.pages.HomePage.LeadsTab(HomePage.java:29)
at com.Shanon.pages.HomePage.LeadsTab(HomePage.java:29)
at com.Shanon.pages.HomePage.LeadsTab(HomePage.java:29)
at com.Shanon.pages.HomePage.LeadsTab(HomePage.java:29)
at com.Shanon.pages.HomePage.LeadsTab(HomePage.java:29)
at com.Shanon.pages.HomePage.LeadsTab(HomePage.java:29)
at com.Shanon.pages.HomePage.LeadsTab(HomePage.java:29)
at com.Shanon.pages.HomePage.LeadsTab(HomePage.java:29)
at com.Shanon.pages.HomePage.LeadsTab(HomePage.java:29)
at com.Shanon.pages.HomePage.LeadsTab(HomePage.java:29)
at com.Shanon.pages.HomePage.LeadsTab(HomePage.java:29)
at com.Shanon.pages.HomePage.LeadsTab(HomePage.java:29)
at com.Shanon.pages.HomePage.LeadsTab(HomePage.java:29)
at com.Shanon.pages.HomePage.LeadsTab(HomePage.java:29)
at com.Shanon.pages.HomePage.LeadsTab(HomePage.java:29)
at com.Shanon.pages.HomePage.LeadsTab(HomePage.java:29)
at com.Shanon.pages.HomePage.LeadsTab(HomePage.java:29)
at com.Shanon.pages.HomePage.LeadsTab(HomePage.java:29)
at com.Shanon.pages.HomePage.LeadsTab(HomePage.java:29)
at com.Shanon.pages.HomePage.LeadsTab(HomePage.java:29)
at com.Shanon.pages.HomePage.LeadsTab(HomePage.java:29)
at com.Shanon.pages.HomePage.LeadsTab(HomePage.java:29)
at com.Shanon.pages.HomePage.LeadsTab(HomePage.java:29)
at com.Shanon.pages.HomePage.LeadsTab(HomePage.java:29)
at com.Shanon.pages.HomePage.LeadsTab(HomePage.java:29)
at com.Shanon.pages.HomePage.LeadsTab(HomePage.java:29)
at com.Shanon.pages.HomePage.LeadsTab(HomePage.java:29)
at com.Shanon.pages.HomePage.LeadsTab(HomePage.java:29)
at com.Shanon.pages.HomePage.LeadsTab(HomePage.java:29)
at com.Shanon.pages.HomePage.LeadsTab(HomePage.java:29)
at com.Shanon.pages.HomePage.LeadsTab(HomePage.java:29)
at com.Shanon.pages.HomePage.LeadsTab(HomePage.java:29)
at com.Shanon.pages.HomePage.LeadsTab(HomePage.java:29)
at com.Shanon.pages.HomePage.LeadsTab(HomePage.java:29)
at com.Shanon.pages.HomePage.LeadsTab(HomePage.java:29)
at com.Shanon.pages.HomePage.LeadsTab(HomePage.java:29)
at com.Shanon.pages.HomePage.LeadsTab(HomePage.java:29)
at com.Shanon.pages.HomePage.LeadsTab(HomePage.java:29)
at com.Shanon.pages.HomePage.LeadsTab(HomePage.java:29)
at com.Shanon.pages.HomePage.LeadsTab(HomePage.java:29)
at com.Shanon.pages.HomePage.LeadsTab(HomePage.java:29)
at com.Shanon.pages.HomePage.LeadsTab(HomePage.java:29)
at com.Shanon.pages.HomePage.LeadsTab(HomePage.java:29)
at com.Shanon.pages.HomePage.LeadsTab(HomePage.java:29)
at com.Shanon.pages.HomePage.LeadsTab(HomePage.java:29)
at com.Shanon.pages.HomePage.LeadsTab(HomePage.java:29)
at com.Shanon.pages.HomePage.LeadsTab(HomePage.java:29)
at com.Shanon.pages.HomePage.LeadsTab(HomePage.java:29)
at com.Shanon.pages.HomePage.LeadsTab(HomePage.java:29)
at com.Shanon.pages.HomePage.LeadsTab(HomePage.java:29)
at com.Shanon.pages.HomePage.LeadsTab(HomePage.java:29)
at com.Shanon.pages.HomePage.LeadsTab(HomePage.java:29)
at com.Shanon.pages.HomePage.LeadsTab(HomePage.java:29)
at com.Shanon.pages.HomePage.LeadsTab(HomePage.java:29)
at com.Shanon.pages.HomePage.LeadsTab(HomePage.java:29)
at com.Shanon.pages.HomePage.LeadsTab(HomePage.java:29)
at com.Shanon.pages.HomePage.LeadsTab(HomePage.java:29)
at com.Shanon.pages.HomePage.LeadsTab(HomePage.java:29)
at com.Shanon.pages.HomePage.LeadsTab(HomePage.java:29)
at com.Shanon.pages.HomePage.LeadsTab(HomePage.java:29)
at com.Shanon.pages.HomePage.LeadsTab(HomePage.java:29)
at com.Shanon.pages.HomePage.LeadsTab(HomePage.java:29)
at com.Shanon.pages.HomePage.LeadsTab(HomePage.java:29)
at com.Shanon.pages.HomePage.LeadsTab(HomePage.java:29)
at com.Shanon.pages.HomePage.LeadsTab(HomePage.java:29)
at com.Shanon.pages.HomePage.LeadsTab(HomePage.java:29)
at com.Shanon.pages.HomePage.LeadsTab(HomePage.java:29)
at com.Shanon.pages.HomePage.LeadsTab(HomePage.java:29)
at com.Shanon.pages.HomePage.LeadsTab(HomePage.java:29)
at com.Shanon.pages.HomePage.LeadsTab(HomePage.java:29)
at com.Shanon.pages.HomePage.LeadsTab(HomePage.java:29)
at com.Shanon.pages.HomePage.LeadsTab(HomePage.java:29)
at com.Shanon.pages.HomePage.LeadsTab(HomePage.java:29)
at com.Shanon.pages.HomePage.LeadsTab(HomePage.java:29)
at com.Shanon.pages.HomePage.LeadsTab(HomePage.java:29)
at com.Shanon.pages.HomePage.LeadsTab(HomePage.java:29)
at com.Shanon.pages.HomePage.LeadsTab(HomePage.java:29)
at com.Shanon.pages.HomePage.LeadsTab(HomePage.java:29)
at com.Shanon.pages.HomePage.LeadsTab(HomePage.java:29)
at com.Shanon.pages.HomePage.LeadsTab(HomePage.java:29)
at com.Shanon.pages.HomePage.LeadsTab(HomePage.java:29)
at com.Shanon.pages.HomePage.LeadsTab(HomePage.java:29)
at com.Shanon.pages.HomePage.LeadsTab(HomePage.java:29)
at com.Shanon.pages.HomePage.LeadsTab(HomePage.java:29)
at com.Shanon.pages.HomePage.LeadsTab(HomePage.java:29)
at com.Shanon.pages.HomePage.LeadsTab(HomePage.java:29)
at com.Shanon.pages.HomePage.LeadsTab(HomePage.java:29)
at com.Shanon.pages.HomePage.LeadsTab(HomePage.java:29)
at com.Shanon.pages.HomePage.LeadsTab(HomePage.java:29)
at com.Shanon.pages.HomePage.LeadsTab(HomePage.java:29)
at com.Shanon.pages.HomePage.LeadsTab(HomePage.java:29)
at com.Shanon.pages.HomePage.LeadsTab(HomePage.java:29)
at com.Shanon.pages.HomePage.LeadsTab(HomePage.java:29)
at com.Shanon.pages.HomePage.LeadsTab(HomePage.java:29)
at com.Shanon.pages.HomePage.LeadsTab(HomePage.java:29)
at com.Shanon.pages.HomePage.LeadsTab(HomePage.java:29)
at com.Shanon.pages.HomePage.LeadsTab(HomePage.java:29)
at com.Shanon.pages.HomePage.LeadsTab(HomePage.java:29)
at com.Shanon.pages.HomePage.LeadsTab(HomePage.java:29)
at com.Shanon.pages.HomePage.LeadsTab(HomePage.java:29)
at com.Shanon.pages.HomePage.LeadsTab(HomePage.java:29)
at com.Shanon.pages.HomePage.LeadsTab(HomePage.java:29)
at com.Shanon.pages.HomePage.LeadsTab(HomePage.java:29)
at com.Shanon.pages.HomePage.LeadsTab(HomePage.java:29)
at com.Shanon.pages.HomePage.LeadsTab(HomePage.java:29)
at com.Shanon.pages.HomePage.LeadsTab(HomePage.java:29)
at com.Shanon.pages.HomePage.LeadsTab(HomePage.java:29)
at com.Shanon.pages.HomePage.LeadsTab(HomePage.java:29)
at com.Shanon.pages.HomePage.LeadsTab(HomePage.java:29)
at com.Shanon.pages.HomePage.LeadsTab(HomePage.java:29)
at com.Shanon.pages.HomePage.LeadsTab(HomePage.java:29)
at com.Shanon.pages.HomePage.LeadsTab(HomePage.java:29)
at com.Shanon.pages.HomePage.LeadsTab(HomePage.java:29)
at com.Shanon.pages.HomePage.LeadsTab(HomePage.java:29)
at com.Shanon.pages.HomePage.LeadsTab(HomePage.java:29)
at com.Shanon.pages.HomePage.LeadsTab(HomePage.java:29)
at com.Shanon.pages.HomePage.LeadsTab(HomePage.java:29)
at com.Shanon.pages.HomePage.LeadsTab(HomePage.java:29)
at com.Shanon.pages.HomePage.LeadsTab(HomePage.java:29)
at com.Shanon.pages.HomePage.LeadsTab(HomePage.java:29)
at com.Shanon.pages.HomePage.LeadsTab(HomePage.java:29)
at com.Shanon.pages.HomePage.LeadsTab(HomePage.java:29)
at com.Shanon.pages.HomePage.LeadsTab(HomePage.java:29)
at com.Shanon.pages.HomePage.LeadsTab(HomePage.java:29)
at com.Shanon.pages.HomePage.LeadsTab(HomePage.java:29)
at com.Shanon.pages.HomePage.LeadsTab(HomePage.java:29)
at com.Shanon.pages.HomePage.LeadsTab(HomePage.java:29)
at com.Shanon.pages.HomePage.LeadsTab(HomePage.java:29)
at com.Shanon.pages.HomePage.LeadsTab(HomePage.java:29)
at com.Shanon.pages.HomePage.LeadsTab(HomePage.java:29)
at com.Shanon.pages.HomePage.LeadsTab(HomePage.java:29)
at com.Shanon.pages.HomePage.LeadsTab(HomePage.java:29)
at com.Shanon.pages.HomePage.LeadsTab(HomePage.java:29)
at com.Shanon.pages.HomePage.LeadsTab(HomePage.java:29)
at com.Shanon.pages.HomePage.LeadsTab(HomePage.java:29)
at com.Shanon.pages.HomePage.LeadsTab(HomePage.java:29)
at com.Shanon.pages.HomePage.LeadsTab(HomePage.java:29)
at com.Shanon.pages.HomePage.LeadsTab(HomePage.java:29)
at com.Shanon.pages.HomePage.LeadsTab(HomePage.java:29)
at com.Shanon.pages.HomePage.LeadsTab(HomePage.java:29)
at com.Shanon.pages.HomePage.LeadsTab(HomePage.java:29)
at com.Shanon.pages.HomePage.LeadsTab(HomePage.java:29)
at com.Shanon.pages.HomePage.LeadsTab(HomePage.java:29)
at com.Shanon.pages.HomePage.LeadsTab(HomePage.java:29)
at com.Shanon.pages.HomePage.LeadsTab(HomePage.java:29)
at com.Shanon.pages.HomePage.LeadsTab(HomePage.java:29)
at com.Shanon.pages.HomePage.LeadsTab(HomePage.java:29)
at com.Shanon.pages.HomePage.LeadsTab(HomePage.java:29)
at com.Shanon.pages.HomePage.LeadsTab(HomePage.java:29)
at com.Shanon.pages.HomePage.LeadsTab(HomePage.java:29)
at com.Shanon.pages.HomePage.LeadsTab(HomePage.java:29)
at com.Shanon.pages.HomePage.LeadsTab(HomePage.java:29)
at com.Shanon.pages.HomePage.LeadsTab(HomePage.java:29)
at com.Shanon.pages.HomePage.LeadsTab(HomePage.java:29)
at com.Shanon.pages.HomePage.LeadsTab(HomePage.java:29)
at com.Shanon.pages.HomePage.LeadsTab(HomePage.java:29)
at com.Shanon.pages.HomePage.LeadsTab(HomePage.java:29)
at com.Shanon.pages.HomePage.LeadsTab(HomePage.java:29)
at com.Shanon.pages.HomePage.LeadsTab(HomePage.java:29)
at com.Shanon.pages.HomePage.LeadsTab(HomePage.java:29)
at com.Shanon.pages.HomePage.LeadsTab(HomePage.java:29)
at com.Shanon.pages.HomePage.LeadsTab(HomePage.java:29)
at com.Shanon.pages.HomePage.LeadsTab(HomePage.java:29)
at com.Shanon.pages.HomePage.LeadsTab(HomePage.java:29)
at com.Shanon.pages.HomePage.LeadsTab(HomePage.java:29)
at com.Shanon.pages.HomePage.LeadsTab(HomePage.java:29)
at com.Shanon.pages.HomePage.LeadsTab(HomePage.java:29)
at com.Shanon.pages.HomePage.LeadsTab(HomePage.java:29)
at com.Shanon.pages.HomePage.LeadsTab(HomePage.java:29)
at com.Shanon.pages.HomePage.LeadsTab(HomePage.java:29)
at com.Shanon.pages.HomePage.LeadsTab(HomePage.java:29)
at com.Shanon.pages.HomePage.LeadsTab(HomePage.java:29)
at com.Shanon.pages.HomePage.LeadsTab(HomePage.java:29)
at com.Shanon.pages.HomePage.LeadsTab(HomePage.java:29)
at com.Shanon.pages.HomePage.LeadsTab(HomePage.java:29)
at com.Shanon.pages.HomePage.LeadsTab(HomePage.java:29)
at com.Shanon.pages.HomePage.LeadsTab(HomePage.java:29)
at com.Shanon.pages.HomePage.LeadsTab(HomePage.java:29)
at com.Shanon.pages.HomePage.LeadsTab(HomePage.java:29)
at com.Shanon.pages.HomePage.LeadsTab(HomePage.java:29)
at com.Shanon.pages.HomePage.LeadsTab(HomePage.java:29)
at com.Shanon.pages.HomePage.LeadsTab(HomePage.java:29)
at com.Shanon.pages.HomePage.LeadsTab(HomePage.java:29)
at com.Shanon.pages.HomePage.LeadsTab(HomePage.java:29)
at com.Shanon.pages.HomePage.LeadsTab(HomePage.java:29)
at com.Shanon.pages.HomePage.LeadsTab(HomePage.java:29)
at com.Shanon.pages.HomePage.LeadsTab(HomePage.java:29)
at com.Shanon.pages.HomePage.LeadsTab(HomePage.java:29)
at com.Shanon.pages.HomePage.LeadsTab(HomePage.java:29)
at com.Shanon.pages.HomePage.LeadsTab(HomePage.java:29)
at com.Shanon.pages.HomePage.LeadsTab(HomePage.java:29)
at com.Shanon.pages.HomePage.LeadsTab(HomePage.java:29)
at com.Shanon.pages.HomePage.LeadsTab(HomePage.java:29)
at com.Shanon.pages.HomePage.LeadsTab(HomePage.java:29)
at com.Shanon.pages.HomePage.LeadsTab(HomePage.java:29)
at com.Shanon.pages.HomePage.LeadsTab(HomePage.java:29)
at com.Shanon.pages.HomePage.LeadsTab(HomePage.java:29)
at com.Shanon.pages.HomePage.LeadsTab(HomePage.java:29)
at com.Shanon.pages.HomePage.LeadsTab(HomePage.java:29)
at com.Shanon.pages.HomePage.LeadsTab(HomePage.java:29)
at com.Shanon.pages.HomePage.LeadsTab(HomePage.java:29)
at com.Shanon.pages.HomePage.LeadsTab(HomePage.java:29)
at com.Shanon.pages.HomePage.LeadsTab(HomePage.java:29)
at com.Shanon.pages.HomePage.LeadsTab(HomePage.java:29)
at com.Shanon.pages.HomePage.LeadsTab(HomePage.java:29)
at com.Shanon.pages.HomePage.LeadsTab(HomePage.java:29)
at com.Shanon.pages.HomePage.LeadsTab(HomePage.java:29)
at com.Shanon.pages.HomePage.LeadsTab(HomePage.java:29)
at com.Shanon.pages.HomePage.LeadsTab(HomePage.java:29)
at com.Shanon.pages.HomePage.LeadsTab(HomePage.java:29)
at com.Shanon.pages.HomePage.LeadsTab(HomePage.java:29)
at com.Shanon.pages.HomePage.LeadsTab(HomePage.java:29)
at com.Shanon.pages.HomePage.LeadsTab(HomePage.java:29)
at com.Shanon.pages.HomePage.LeadsTab(HomePage.java:29)
at com.Shanon.pages.HomePage.LeadsTab(HomePage.java:29)
at com.Shanon.pages.HomePage.LeadsTab(HomePage.java:29)
at com.Shanon.pages.HomePage.LeadsTab(HomePage.java:29)
at com.Shanon.pages.HomePage.LeadsTab(HomePage.java:29)
at com.Shanon.pages.HomePage.LeadsTab(HomePage.java:29)
at com.Shanon.pages.HomePage.LeadsTab(HomePage.java:29)
at com.Shanon.pages.HomePage.LeadsTab(HomePage.java:29)
at com.Shanon.pages.HomePage.LeadsTab(HomePage.java:29)
at com.Shanon.pages.HomePage.LeadsTab(HomePage.java:29)
at com.Shanon.pages.HomePage.LeadsTab(HomePage.java:29)
at com.Shanon.pages.HomePage.LeadsTab(HomePage.java:29)
at com.Shanon.pages.HomePage.LeadsTab(HomePage.java:29)
at com.Shanon.pages.HomePage.LeadsTab(HomePage.java:29)
at com.Shanon.pages.HomePage.LeadsTab(HomePage.java:29)
at com.Shanon.pages.HomePage.LeadsTab(HomePage.java:29)
at com.Shanon.pages.HomePage.LeadsTab(HomePage.java:29)
at com.Shanon.pages.HomePage.LeadsTab(HomePage.java:29)
at com.Shanon.pages.HomePage.LeadsTab(HomePage.java:29)
at com.Shanon.pages.HomePage.LeadsTab(HomePage.java:29)
at com.Shanon.pages.HomePage.LeadsTab(HomePage.java:29)
at com.Shanon.pages.HomePage.LeadsTab(HomePage.java:29)
at com.Shanon.pages.HomePage.LeadsTab(HomePage.java:29)
at com.Shanon.pages.HomePage.LeadsTab(HomePage.java:29)
at com.Shanon.pages.HomePage.LeadsTab(HomePage.java:29)
at com.Shanon.pages.HomePage.LeadsTab(HomePage.java:29)
at com.Shanon.pages.HomePage.LeadsTab(HomePage.java:29)
at com.Shanon.pages.HomePage.LeadsTab(HomePage.java:29)
at com.Shanon.pages.HomePage.LeadsTab(HomePage.java:29)
at com.Shanon.pages.HomePage.LeadsTab(HomePage.java:29)
at com.Shanon.pages.HomePage.LeadsTab(HomePage.java:29)
at com.Shanon.pages.HomePage.LeadsTab(HomePage.java:29)
at com.Shanon.pages.HomePage.LeadsTab(HomePage.java:29)
at com.Shanon.pages.HomePage.LeadsTab(HomePage.java:29)
at com.Shanon.pages.HomePage.LeadsTab(HomePage.java:29)
at com.Shanon.pages.HomePage.LeadsTab(HomePage.java:29)
at com.Shanon.pages.HomePage.LeadsTab(HomePage.java:29)
at com.Shanon.pages.HomePage.LeadsTab(HomePage.java:29)
at com.Shanon.pages.HomePage.LeadsTab(HomePage.java:29)
at com.Shanon.pages.HomePage.LeadsTab(HomePage.java:29)
at com.Shanon.pages.HomePage.LeadsTab(HomePage.java:29)
at com.Shanon.pages.HomePage.LeadsTab(HomePage.java:29)
at com.Shanon.pages.HomePage.LeadsTab(HomePage.java:29)
at com.Shanon.pages.HomePage.LeadsTab(HomePage.java:29)
at com.Shanon.pages.HomePage.LeadsTab(HomePage.java:29)
at com.Shanon.pages.HomePage.LeadsTab(HomePage.java:29)
at com.Shanon.pages.HomePage.LeadsTab(HomePage.java:29)
at com.Shanon.pages.HomePage.LeadsTab(HomePage.java:29)
at com.Shanon.pages.HomePage.LeadsTab(HomePage.java:29)
at com.Shanon.pages.HomePage.LeadsTab(HomePage.java:29)
at com.Shanon.pages.HomePage.LeadsTab(HomePage.java:29)
at com.Shanon.pages.HomePage.LeadsTab(HomePage.java:29)
at com.Shanon.pages.HomePage.LeadsTab(HomePage.java:29)
at com.Shanon.pages.HomePage.LeadsTab(HomePage.java:29)
at com.Shanon.pages.HomePage.LeadsTab(HomePage.java:29)
at com.Shanon.pages.HomePage.LeadsTab(HomePage.java:29)
at com.Shanon.pages.HomePage.LeadsTab(HomePage.java:29)
at com.Shanon.pages.HomePage.LeadsTab(HomePage.java:29)
at com.Shanon.pages.HomePage.LeadsTab(HomePage.java:29)
at com.Shanon.pages.HomePage.LeadsTab(HomePage.java:29)
at com.Shanon.pages.HomePage.LeadsTab(HomePage.java:29)
at com.Shanon.pages.HomePage.LeadsTab(HomePage.java:29)
at com.Shanon.pages.HomePage.LeadsTab(HomePage.java:29)
at com.Shanon.pages.HomePage.LeadsTab(HomePage.java:29)
at com.Shanon.pages.HomePage.LeadsTab(HomePage.java:29)
at com.Shanon.pages.HomePage.LeadsTab(HomePage.java:29)
at com.Shanon.pages.HomePage.LeadsTab(HomePage.java:29)
at com.Shanon.pages.HomePage.LeadsTab(HomePage.java:29)
at com.Shanon.pages.HomePage.LeadsTab(HomePage.java:29)
at com.Shanon.pages.HomePage.LeadsTab(HomePage.java:29)
at com.Shanon.pages.HomePage.LeadsTab(HomePage.java:29)
at com.Shanon.pages.HomePage.LeadsTab(HomePage.java:29)
at com.Shanon.pages.HomePage.LeadsTab(HomePage.java:29)
at com.Shanon.pages.HomePage.LeadsTab(HomePage.java:29)
at com.Shanon.pages.HomePage.LeadsTab(HomePage.java:29)
at com.Shanon.pages.HomePage.LeadsTab(HomePage.java:29)
at com.Shanon.pages.HomePage.LeadsTab(HomePage.java:29)
at com.Shanon.pages.HomePage.LeadsTab(HomePage.java:29)
at com.Shanon.pages.HomePage.LeadsTab(HomePage.java:29)
at com.Shanon.pages.HomePage.LeadsTab(HomePage.java:29)
at com.Shanon.pages.HomePage.LeadsTab(HomePage.java:29)
at com.Shanon.pages.HomePage.LeadsTab(HomePage.java:29)
at com.Shanon.pages.HomePage.LeadsTab(HomePage.java:29)
at com.Shanon.pages.HomePage.LeadsTab(HomePage.java:29)
at com.Shanon.pages.HomePage.LeadsTab(HomePage.java:29)
at com.Shanon.pages.HomePage.LeadsTab(HomePage.java:29)
at com.Shanon.pages.HomePage.LeadsTab(HomePage.java:29)
at com.Shanon.pages.HomePage.LeadsTab(HomePage.java:29)
at com.Shanon.pages.HomePage.LeadsTab(HomePage.java:29)
at com.Shanon.pages.HomePage.LeadsTab(HomePage.java:29)
at com.Shanon.pages.HomePage.LeadsTab(HomePage.java:29)
at com.Shanon.pages.HomePage.LeadsTab(HomePage.java:29)
at com.Shanon.pages.HomePage.LeadsTab(HomePage.java:29)
at com.Shanon.pages.HomePage.LeadsTab(HomePage.java:29)
at com.Shanon.pages.HomePage.LeadsTab(HomePage.java:29)
at com.Shanon.pages.HomePage.LeadsTab(HomePage.java:29)
at com.Shanon.pages.HomePage.LeadsTab(HomePage.java:29)
at com.Shanon.pages.HomePage.LeadsTab(HomePage.java:29)
at com.Shanon.pages.HomePage.LeadsTab(HomePage.java:29)
at com.Shanon.pages.HomePage.LeadsTab(HomePage.java:29)
at com.Shanon.pages.HomePage.LeadsTab(HomePage.java:29)
at com.Shanon.pages.HomePage.LeadsTab(HomePage.java:29)
at com.Shanon.pages.HomePage.LeadsTab(HomePage.java:29)
at com.Shanon.pages.HomePage.LeadsTab(HomePage.java:29)
at com.Shanon.pages.HomePage.LeadsTab(HomePage.java:29)
at com.Shanon.pages.HomePage.LeadsTab(HomePage.java:29)
at com.Shanon.pages.HomePage.LeadsTab(HomePage.java:29)
at com.Shanon.pages.HomePage.LeadsTab(HomePage.java:29)
at com.Shanon.pages.HomePage.LeadsTab(HomePage.java:29)
at com.Shanon.pages.HomePage.LeadsTab(HomePage.java:29)
at com.Shanon.pages.HomePage.LeadsTab(HomePage.java:29)
at com.Shanon.pages.HomePage.LeadsTab(HomePage.java:29)
at com.Shanon.pages.HomePage.LeadsTab(HomePage.java:29)
at com.Shanon.pages.HomePage.LeadsTab(HomePage.java:29)
at com.Shanon.pages.HomePage.LeadsTab(HomePage.java:29)
at com.Shanon.pages.HomePage.LeadsTab(HomePage.java:29)
at com.Shanon.pages.HomePage.LeadsTab(HomePage.java:29)
at com.Shanon.pages.HomePage.LeadsTab(HomePage.java:29)
at com.Shanon.pages.HomePage.LeadsTab(HomePage.java:29)
at com.Shanon.pages.HomePage.LeadsTab(HomePage.java:29)
at com.Shanon.pages.HomePage.LeadsTab(HomePage.java:29)
at com.Shanon.pages.HomePage.LeadsTab(HomePage.java:29)
at com.Shanon.pages.HomePage.LeadsTab(HomePage.java:29)
at com.Shanon.pages.HomePage.LeadsTab(HomePage.java:29)
at com.Shanon.pages.HomePage.LeadsTab(HomePage.java:29)
at com.Shanon.pages.HomePage.LeadsTab(HomePage.java:29)
at com.Shanon.pages.HomePage.LeadsTab(HomePage.java:29)
at com.Shanon.pages.HomePage.LeadsTab(HomePage.java:29)
at com.Shanon.pages.HomePage.LeadsTab(HomePage.java:29)
at com.Shanon.pages.HomePage.LeadsTab(HomePage.java:29)
at com.Shanon.pages.HomePage.LeadsTab(HomePage.java:29)
at com.Shanon.pages.HomePage.LeadsTab(HomePage.java:29)
at com.Shanon.pages.HomePage.LeadsTab(HomePage.java:29)
at com.Shanon.pages.HomePage.LeadsTab(HomePage.java:29)
at com.Shanon.pages.HomePage.LeadsTab(HomePage.java:29)
at com.Shanon.pages.HomePage.LeadsTab(HomePage.java:29)
at com.Shanon.pages.HomePage.LeadsTab(HomePage.java:29)
at com.Shanon.pages.HomePage.LeadsTab(HomePage.java:29)
at com.Shanon.pages.HomePage.LeadsTab(HomePage.java:29)
at com.Shanon.pages.HomePage.LeadsTab(HomePage.java:29)
at com.Shanon.pages.HomePage.LeadsTab(HomePage.java:29)
at com.Shanon.pages.HomePage.LeadsTab(HomePage.java:29)
at com.Shanon.pages.HomePage.LeadsTab(HomePage.java:29)
at com.Shanon.pages.HomePage.LeadsTab(HomePage.java:29)
at com.Shanon.pages.HomePage.LeadsTab(HomePage.java:29)
at com.Shanon.pages.HomePage.LeadsTab(HomePage.java:29)
at com.Shanon.pages.HomePage.LeadsTab(HomePage.java:29)
at com.Shanon.pages.HomePage.LeadsTab(HomePage.java:29)
at com.Shanon.pages.HomePage.LeadsTab(HomePage.java:29)
at com.Shanon.pages.HomePage.LeadsTab(HomePage.java:29)
at com.Shanon.pages.HomePage.LeadsTab(HomePage.java:29)
at com.Shanon.pages.HomePage.LeadsTab(HomePage.java:29)
at com.Shanon.pages.HomePage.LeadsTab(HomePage.java:29)
at com.Shanon.pages.HomePage.LeadsTab(HomePage.java:29)
at com.Shanon.pages.HomePage.LeadsTab(HomePage.java:29)
at com.Shanon.pages.HomePage.LeadsTab(HomePage.java:29)
at com.Shanon.pages.HomePage.LeadsTab(HomePage.java:29)
at com.Shanon.pages.HomePage.LeadsTab(HomePage.java:29)
at com.Shanon.pages.HomePage.LeadsTab(HomePage.java:29)
at com.Shanon.pages.HomePage.LeadsTab(HomePage.java:29)
at com.Shanon.pages.HomePage.LeadsTab(HomePage.java:29)
at com.Shanon.pages.HomePage.LeadsTab(HomePage.java:29)
at com.Shanon.pages.HomePage.LeadsTab(HomePage.java:29)
at com.Shanon.pages.HomePage.LeadsTab(HomePage.java:29)
at com.Shanon.pages.HomePage.LeadsTab(HomePage.java:29)
at com.Shanon.pages.HomePage.LeadsTab(HomePage.java:29)
at com.Shanon.pages.HomePage.LeadsTab(HomePage.java:29)
at com.Shanon.pages.HomePage.LeadsTab(HomePage.java:29)
at com.Shanon.pages.HomePage.LeadsTab(HomePage.java:29)
at com.Shanon.pages.HomePage.LeadsTab(HomePage.java:29)
at com.Shanon.pages.HomePage.LeadsTab(HomePage.java:29)
at com.Shanon.pages.HomePage.LeadsTab(HomePage.java:29)
at com.Shanon.pages.HomePage.LeadsTab(HomePage.java:29)
at com.Shanon.pages.HomePage.LeadsTab(HomePage.java:29)
at com.Shanon.pages.HomePage.LeadsTab(HomePage.java:29)
at com.Shanon.pages.HomePage.LeadsTab(HomePage.java:29)
at com.Shanon.pages.HomePage.LeadsTab(HomePage.java:29)
at com.Shanon.pages.HomePage.LeadsTab(HomePage.java:29)
at com.Shanon.pages.HomePage.LeadsTab(HomePage.java:29)
at com.Shanon.pages.HomePage.LeadsTab(HomePage.java:29)
at com.Shanon.pages.HomePage.LeadsTab(HomePage.java:29)
at com.Shanon.pages.HomePage.LeadsTab(HomePage.java:29)
at com.Shanon.pages.HomePage.LeadsTab(HomePage.java:29)
at com.Shanon.pages.HomePage.LeadsTab(HomePage.java:29)
at com.Shanon.pages.HomePage.LeadsTab(HomePage.java:29)
at com.Shanon.pages.HomePage.LeadsTab(HomePage.java:29)
at com.Shanon.pages.HomePage.LeadsTab(HomePage.java:29)
at com.Shanon.pages.HomePage.LeadsTab(HomePage.java:29)
at com.Shanon.pages.HomePage.LeadsTab(HomePage.java:29)
at com.Shanon.pages.HomePage.LeadsTab(HomePage.java:29)
at com.Shanon.pages.HomePage.LeadsTab(HomePage.java:29)
at com.Shanon.pages.HomePage.LeadsTab(HomePage.java:29)
at com.Shanon.pages.HomePage.LeadsTab(HomePage.java:29)
at com.Shanon.pages.HomePage.LeadsTab(HomePage.java:29)
at com.Shanon.pages.HomePage.LeadsTab(HomePage.java:29)
at com.Shanon.pages.HomePage.LeadsTab(HomePage.java:29)
at com.Shanon.pages.HomePage.LeadsTab(HomePage.java:29)
at com.Shanon.pages.HomePage.LeadsTab(HomePage.java:29)
at com.Shanon.pages.HomePage.LeadsTab(HomePage.java:29)
at com.Shanon.pages.HomePage.LeadsTab(HomePage.java:29)
at com.Shanon.pages.HomePage.LeadsTab(HomePage.java:29)
at com.Shanon.pages.HomePage.LeadsTab(HomePage.java:29)
at com.Shanon.pages.HomePage.LeadsTab(HomePage.java:29)
at com.Shanon.pages.HomePage.LeadsTab(HomePage.java:29)
at com.Shanon.pages.HomePage.LeadsTab(HomePage.java:29)
at com.Shanon.pages.HomePage.LeadsTab(HomePage.java:29)
at com.Shanon.pages.HomePage.LeadsTab(HomePage.java:29)
at com.Shanon.pages.HomePage.LeadsTab(HomePage.java:29)
at com.Shanon.pages.HomePage.LeadsTab(HomePage.java:29)
at com.Shanon.pages.HomePage.LeadsTab(HomePage.java:29)
at com.Shanon.pages.HomePage.LeadsTab(HomePage.java:29)
at com.Shanon.pages.HomePage.LeadsTab(HomePage.java:29)
at com.Shanon.pages.HomePage.LeadsTab(HomePage.java:29)
at com.Shanon.pages.HomePage.LeadsTab(HomePage.java:29)
at com.Shanon.pages.HomePage.LeadsTab(HomePage.java:29)
at com.Shanon.pages.HomePage.LeadsTab(HomePage.java:29)
at com.Shanon.pages.HomePage.LeadsTab(HomePage.java:29)
at com.Shanon.pages.HomePage.LeadsTab(HomePage.java:29)
at com.Shanon.pages.HomePage.LeadsTab(HomePage.java:29)
at com.Shanon.pages.HomePage.LeadsTab(HomePage.java:29)
at com.Shanon.pages.HomePage.LeadsTab(HomePage.java:29)
at com.Shanon.pages.HomePage.LeadsTab(HomePage.java:29)
at com.Shanon.pages.HomePage.LeadsTab(HomePage.java:29)
at com.Shanon.pages.HomePage.LeadsTab(HomePage.java:29)
at com.Shanon.pages.HomePage.LeadsTab(HomePage.java:29)
at com.Shanon.pages.HomePage.LeadsTab(HomePage.java:29)
at com.Shanon.pages.HomePage.LeadsTab(HomePage.java:29)
at com.Shanon.pages.HomePage.LeadsTab(HomePage.java:29)
at com.Shanon.pages.HomePage.LeadsTab(HomePage.java:29)
at com.Shanon.pages.HomePage.LeadsTab(HomePage.java:29)
at com.Shanon.pages.HomePage.LeadsTab(HomePage.java:29)
at com.Shanon.pages.HomePage.LeadsTab(HomePage.java:29)
at com.Shanon.pages.HomePage.LeadsTab(HomePage.java:29)
at com.Shanon.pages.HomePage.LeadsTab(HomePage.java:29)
at com.Shanon.pages.HomePage.LeadsTab(HomePage.java:29)
at com.Shanon.pages.HomePage.LeadsTab(HomePage.java:29)
at com.Shanon.pages.HomePage.LeadsTab(HomePage.java:29)
at com.Shanon.pages.HomePage.LeadsTab(HomePage.java:29)
at com.Shanon.pages.HomePage.LeadsTab(HomePage.java:29)
at com.Shanon.pages.HomePage.LeadsTab(HomePage.java:29)
at com.Shanon.pages.HomePage.LeadsTab(HomePage.java:29)
at com.Shanon.pages.HomePage.LeadsTab(HomePage.java:29)
at com.Shanon.pages.HomePage.LeadsTab(HomePage.java:29)
at com.Shanon.pages.HomePage.LeadsTab(HomePage.java:29)
at com.Shanon.pages.HomePage.LeadsTab(HomePage.java:29)
at com.Shanon.pages.HomePage.LeadsTab(HomePage.java:29)
at com.Shanon.pages.HomePage.LeadsTab(HomePage.java:29)
at com.Shanon.pages.HomePage.LeadsTab(HomePage.java:29)
at com.Shanon.pages.HomePage.LeadsTab(HomePage.java:29)
at com.Shanon.pages.HomePage.LeadsTab(HomePage.java:29)
at com.Shanon.pages.HomePage.LeadsTab(HomePage.java:29)
at com.Shanon.pages.HomePage.LeadsTab(HomePage.java:29)
at com.Shanon.pages.HomePage.LeadsTab(HomePage.java:29)
at com.Shanon.pages.HomePage.LeadsTab(HomePage.java:29)
at com.Shanon.pages.HomePage.LeadsTab(HomePage.java:29)
at com.Shanon.pages.HomePage.LeadsTab(HomePage.java:29)
at com.Shanon.pages.HomePage.LeadsTab(HomePage.java:29)
at com.Shanon.pages.HomePage.LeadsTab(HomePage.java:29)
at com.Shanon.pages.HomePage.LeadsTab(HomePage.java:29)
at com.Shanon.pages.HomePage.LeadsTab(HomePage.java:29)
at com.Shanon.pages.HomePage.LeadsTab(HomePage.java:29)
at com.Shanon.pages.HomePage.LeadsTab(HomePage.java:29)
at com.Shanon.pages.HomePage.LeadsTab(HomePage.java:29)
at com.Shanon.pages.HomePage.LeadsTab(HomePage.java:29)
at com.Shanon.pages.HomePage.LeadsTab(HomePage.java:29)
at com.Shanon.pages.HomePage.LeadsTab(HomePage.java:29)
at com.Shanon.pages.HomePage.LeadsTab(HomePage.java:29)
at com.Shanon.pages.HomePage.LeadsTab(HomePage.java:29)
at com.Shanon.pages.HomePage.LeadsTab(HomePage.java:29)
at com.Shanon.pages.HomePage.LeadsTab(HomePage.java:29)
at com.Shanon.pages.HomePage.LeadsTab(HomePage.java:29)
at com.Shanon.pages.HomePage.LeadsTab(HomePage.java:29)
at com.Shanon.pages.HomePage.LeadsTab(HomePage.java:29)
at com.Shanon.pages.HomePage.LeadsTab(HomePage.java:29)
at com.Shanon.pages.HomePage.LeadsTab(HomePage.java:29)
at com.Shanon.pages.HomePage.LeadsTab(HomePage.java:29)
at com.Shanon.pages.HomePage.LeadsTab(HomePage.java:29)
at com.Shanon.pages.HomePage.LeadsTab(HomePage.java:29)
at com.Shanon.pages.HomePage.LeadsTab(HomePage.java:29)
at com.Shanon.pages.HomePage.LeadsTab(HomePage.java:29)
at com.Shanon.pages.HomePage.LeadsTab(HomePage.java:29)
at com.Shanon.pages.HomePage.LeadsTab(HomePage.java:29)
at com.Shanon.pages.HomePage.LeadsTab(HomePage.java:29)
at com.Shanon.pages.HomePage.LeadsTab(HomePage.java:29)
at com.Shanon.pages.HomePage.LeadsTab(HomePage.java:29)
at com.Shanon.pages.HomePage.LeadsTab(HomePage.java:29)
at com.Shanon.pages.HomePage.LeadsTab(HomePage.java:29)
at com.Shanon.pages.HomePage.LeadsTab(HomePage.java:29)
at com.Shanon.pages.HomePage.LeadsTab(HomePage.java:29)
at com.Shanon.pages.HomePage.LeadsTab(HomePage.java:29)
at com.Shanon.pages.HomePage.LeadsTab(HomePage.java:29)
at com.Shanon.pages.HomePage.LeadsTab(HomePage.java:29)
at com.Shanon.pages.HomePage.LeadsTab(HomePage.java:29)
at com.Shanon.pages.HomePage.LeadsTab(HomePage.java:29)
at com.Shanon.pages.HomePage.LeadsTab(HomePage.java:29)
at com.Shanon.pages.HomePage.LeadsTab(HomePage.java:29)
at com.Shanon.pages.HomePage.LeadsTab(HomePage.java:29)
at com.Shanon.pages.HomePage.LeadsTab(HomePage.java:29)
at com.Shanon.pages.HomePage.LeadsTab(HomePage.java:29)
at com.Shanon.pages.HomePage.LeadsTab(HomePage.java:29)
at com.Shanon.pages.HomePage.LeadsTab(HomePage.java:29)
at com.Shanon.pages.HomePage.LeadsTab(HomePage.java:29)
at com.Shanon.pages.HomePage.LeadsTab(HomePage.java:29)
at com.Shanon.pages.HomePage.LeadsTab(HomePage.java:29)
at com.Shanon.pages.HomePage.LeadsTab(HomePage.java:29)
at com.Shanon.pages.HomePage.LeadsTab(HomePage.java:29)
at com.Shanon.pages.HomePage.LeadsTab(HomePage.java:29)
at com.Shanon.pages.HomePage.LeadsTab(HomePage.java:29)
at com.Shanon.pages.HomePage.LeadsTab(HomePage.java:29)
at com.Shanon.pages.HomePage.LeadsTab(HomePage.java:29)
at com.Shanon.pages.HomePage.LeadsTab(HomePage.java:29)
at com.Shanon.pages.HomePage.LeadsTab(HomePage.java:29)
at com.Shanon.pages.HomePage.LeadsTab(HomePage.java:29)
at com.Shanon.pages.HomePage.LeadsTab(HomePage.java:29)
at com.Shanon.pages.HomePage.LeadsTab(HomePage.java:29)
at com.Shanon.pages.HomePage.LeadsTab(HomePage.java:29)
at com.Shanon.pages.HomePage.LeadsTab(HomePage.java:29)
at com.Shanon.pages.HomePage.LeadsTab(HomePage.java:29)
at com.Shanon.pages.HomePage.LeadsTab(HomePage.java:29)
at com.Shanon.pages.HomePage.LeadsTab(HomePage.java:29)
at com.Shanon.pages.HomePage.LeadsTab(HomePage.java:29)
at com.Shanon.pages.HomePage.LeadsTab(HomePage.java:29)
at com.Shanon.pages.HomePage.LeadsTab(HomePage.java:29)
at com.Shanon.pages.HomePage.LeadsTab(HomePage.java:29)
at com.Shanon.pages.HomePage.LeadsTab(HomePage.java:29)
at com.Shanon.pages.HomePage.LeadsTab(HomePage.java:29)
at com.Shanon.pages.HomePage.LeadsTab(HomePage.java:29)
at com.Shanon.pages.HomePage.LeadsTab(HomePage.java:29)
at com.Shanon.pages.HomePage.LeadsTab(HomePage.java:29)
at com.Shanon.pages.HomePage.LeadsTab(HomePage.java:29)
at com.Shanon.pages.HomePage.LeadsTab(HomePage.java:29)
at com.Shanon.pages.HomePage.LeadsTab(HomePage.java:29)
at com.Shanon.pages.HomePage.LeadsTab(HomePage.java:29)
at com.Shanon.pages.HomePage.LeadsTab(HomePage.java:29)
at com.Shanon.pages.HomePage.LeadsTab(HomePage.java:29)
at com.Shanon.pages.HomePage.LeadsTab(HomePage.java:29)
at com.Shanon.pages.HomePage.LeadsTab(HomePage.java:29)
at com.Shanon.pages.HomePage.LeadsTab(HomePage.java:29)
at com.Shanon.pages.HomePage.LeadsTab(HomePage.java:29)
at com.Shanon.pages.HomePage.LeadsTab(HomePage.java:29)
at com.Shanon.pages.HomePage.LeadsTab(HomePage.java:29)
at com.Shanon.pages.HomePage.LeadsTab(HomePage.java:29)
at com.Shanon.pages.HomePage.LeadsTab(HomePage.java:29)
at com.Shanon.pages.HomePage.LeadsTab(HomePage.java:29)
at com.Shanon.pages.HomePage.LeadsTab(HomePage.java:29)
at com.Shanon.pages.HomePage.LeadsTab(HomePage.java:29)
at com.Shanon.pages.HomePage.LeadsTab(HomePage.java:29)
at com.Shanon.pages.HomePage.LeadsTab(HomePage.java:29)
at com.Shanon.pages.HomePage.LeadsTab(HomePage.java:29)
at com.Shanon.pages.HomePage.LeadsTab(HomePage.java:29)
at com.Shanon.pages.HomePage.LeadsTab(HomePage.java:29)
at com.Shanon.pages.HomePage.LeadsTab(HomePage.java:29)
at com.Shanon.pages.HomePage.LeadsTab(HomePage.java:29)
at com.Shanon.pages.HomePage.LeadsTab(HomePage.java:29)
at com.Shanon.pages.HomePage.LeadsTab(HomePage.java:29)
at com.Shanon.pages.HomePage.LeadsTab(HomePage.java:29)
at com.Shanon.pages.HomePage.LeadsTab(HomePage.java:29)
at com.Shanon.pages.HomePage.LeadsTab(HomePage.java:29)
at com.Shanon.pages.HomePage.LeadsTab(HomePage.java:29)
at com.Shanon.pages.HomePage.LeadsTab(HomePage.java:29)
at com.Shanon.pages.HomePage.LeadsTab(HomePage.java:29)
at com.Shanon.pages.HomePage.LeadsTab(HomePage.java:29)
at com.Shanon.pages.HomePage.LeadsTab(HomePage.java:29)
at com.Shanon.pages.HomePage.LeadsTab(HomePage.java:29)
at com.Shanon.pages.HomePage.LeadsTab(HomePage.java:29)
at com.Shanon.pages.HomePage.LeadsTab(HomePage.java:29)
at com.Shanon.pages.HomePage.LeadsTab(HomePage.java:29)
at com.Shanon.pages.HomePage.LeadsTab(HomePage.java:29)
at com.Shanon.pages.HomePage.LeadsTab(HomePage.java:29)
at com.Shanon.pages.HomePage.LeadsTab(HomePage.java:29)
at com.Shanon.pages.HomePage.LeadsTab(HomePage.java:29)
at com.Shanon.pages.HomePage.LeadsTab(HomePage.java:29)
]]>
    </error>
  </testcase> <!-- verifyLeadsTabTest -->
  <system-out>
    <![CDATA[verifyLeadsTabTest method started
CRM HOME PAGE is Displayed
verifyLeadsTabTest method FAILED]]>
  </system-out>
</testsuite> <!-- com.Shanon.Leads.VerifyLeads -->
